{"/Users/ajko/Code/bookish/src/models/Parser.js": {"path":"/Users/ajko/Code/bookish/src/models/Parser.js","statementMap":{"0":{"start":{"line":2,"column":0},"end":{"line":4,"column":3}},"1":{"start":{"line":5,"column":0},"end":{"line":5,"column":25}},"2":{"start":{"line":8,"column":4},"end":{"line":9,"column":67}},"3":{"start":{"line":9,"column":6},"end":{"line":9,"column":67}},"4":{"start":{"line":10,"column":4},"end":{"line":10,"column":21}},"5":{"start":{"line":11,"column":4},"end":{"line":11,"column":19}},"6":{"start":{"line":12,"column":4},"end":{"line":12,"column":35}},"7":{"start":{"line":15,"column":4},"end":{"line":19,"column":5}},"8":{"start":{"line":16,"column":6},"end":{"line":18,"column":7}},"9":{"start":{"line":17,"column":8},"end":{"line":17,"column":95}},"10":{"start":{"line":20,"column":4},"end":{"line":20,"column":16}},"11":{"start":{"line":23,"column":4},"end":{"line":23,"column":79}},"12":{"start":{"line":26,"column":4},"end":{"line":26,"column":79}},"13":{"start":{"line":29,"column":4},"end":{"line":29,"column":77}},"14":{"start":{"line":32,"column":4},"end":{"line":53,"column":62}},"15":{"start":{"line":33,"column":6},"end":{"line":33,"column":44}},"16":{"start":{"line":34,"column":9},"end":{"line":53,"column":62}},"17":{"start":{"line":35,"column":6},"end":{"line":51,"column":136}},"18":{"start":{"line":36,"column":22},"end":{"line":36,"column":28}},"19":{"start":{"line":37,"column":19},"end":{"line":37,"column":25}},"20":{"start":{"line":38,"column":20},"end":{"line":38,"column":26}},"21":{"start":{"line":39,"column":21},"end":{"line":39,"column":27}},"22":{"start":{"line":40,"column":18},"end":{"line":40,"column":50}},"23":{"start":{"line":41,"column":22},"end":{"line":41,"column":54}},"24":{"start":{"line":42,"column":8},"end":{"line":48,"column":9}},"25":{"start":{"line":43,"column":20},"end":{"line":43,"column":42}},"26":{"start":{"line":44,"column":10},"end":{"line":47,"column":25}},"27":{"start":{"line":45,"column":12},"end":{"line":45,"column":67}},"28":{"start":{"line":47,"column":12},"end":{"line":47,"column":25}},"29":{"start":{"line":49,"column":8},"end":{"line":49,"column":84}},"30":{"start":{"line":51,"column":8},"end":{"line":51,"column":136}},"31":{"start":{"line":53,"column":6},"end":{"line":53,"column":62}},"32":{"start":{"line":56,"column":4},"end":{"line":56,"column":61}},"33":{"start":{"line":59,"column":4},"end":{"line":59,"column":41}},"34":{"start":{"line":62,"column":4},"end":{"line":63,"column":18}},"35":{"start":{"line":63,"column":6},"end":{"line":63,"column":18}},"36":{"start":{"line":64,"column":15},"end":{"line":64,"column":43}},"37":{"start":{"line":65,"column":4},"end":{"line":86,"column":5}},"38":{"start":{"line":66,"column":6},"end":{"line":67,"column":39}},"39":{"start":{"line":67,"column":8},"end":{"line":67,"column":39}},"40":{"start":{"line":68,"column":6},"end":{"line":81,"column":7}},"41":{"start":{"line":69,"column":8},"end":{"line":73,"column":9}},"42":{"start":{"line":70,"column":10},"end":{"line":70,"column":26}},"43":{"start":{"line":72,"column":10},"end":{"line":72,"column":26}},"44":{"start":{"line":74,"column":8},"end":{"line":74,"column":57}},"45":{"start":{"line":75,"column":13},"end":{"line":81,"column":7}},"46":{"start":{"line":76,"column":8},"end":{"line":80,"column":9}},"47":{"start":{"line":77,"column":10},"end":{"line":77,"column":26}},"48":{"start":{"line":79,"column":10},"end":{"line":79,"column":26}},"49":{"start":{"line":82,"column":6},"end":{"line":85,"column":7}},"50":{"start":{"line":83,"column":8},"end":{"line":83,"column":21}},"51":{"start":{"line":84,"column":8},"end":{"line":84,"column":24}},"52":{"start":{"line":87,"column":4},"end":{"line":87,"column":17}},"53":{"start":{"line":88,"column":4},"end":{"line":88,"column":16}},"54":{"start":{"line":91,"column":4},"end":{"line":91,"column":17}},"55":{"start":{"line":94,"column":4},"end":{"line":94,"column":43}},"56":{"start":{"line":97,"column":4},"end":{"line":97,"column":70}},"57":{"start":{"line":100,"column":4},"end":{"line":100,"column":89}},"58":{"start":{"line":103,"column":24},"end":{"line":103,"column":82}},"59":{"start":{"line":104,"column":4},"end":{"line":107,"column":80}},"60":{"start":{"line":105,"column":6},"end":{"line":105,"column":45}},"61":{"start":{"line":107,"column":6},"end":{"line":107,"column":80}},"62":{"start":{"line":110,"column":4},"end":{"line":111,"column":19}},"63":{"start":{"line":111,"column":6},"end":{"line":111,"column":19}},"64":{"start":{"line":112,"column":4},"end":{"line":112,"column":82}},"65":{"start":{"line":115,"column":17},"end":{"line":115,"column":28}},"66":{"start":{"line":116,"column":4},"end":{"line":116,"column":291}},"67":{"start":{"line":119,"column":4},"end":{"line":120,"column":19}},"68":{"start":{"line":120,"column":6},"end":{"line":120,"column":19}},"69":{"start":{"line":121,"column":4},"end":{"line":121,"column":35}},"70":{"start":{"line":124,"column":4},"end":{"line":124,"column":43}},"71":{"start":{"line":127,"column":4},"end":{"line":128,"column":18}},"72":{"start":{"line":128,"column":6},"end":{"line":128,"column":18}},"73":{"start":{"line":131,"column":15},"end":{"line":131,"column":17}},"74":{"start":{"line":132,"column":4},"end":{"line":133,"column":32}},"75":{"start":{"line":133,"column":6},"end":{"line":133,"column":32}},"76":{"start":{"line":134,"column":4},"end":{"line":134,"column":16}},"77":{"start":{"line":137,"column":15},"end":{"line":137,"column":17}},"78":{"start":{"line":138,"column":4},"end":{"line":139,"column":32}},"79":{"start":{"line":139,"column":6},"end":{"line":139,"column":32}},"80":{"start":{"line":140,"column":4},"end":{"line":140,"column":16}},"81":{"start":{"line":143,"column":17},"end":{"line":143,"column":19}},"82":{"start":{"line":144,"column":19},"end":{"line":152,"column":5}},"83":{"start":{"line":153,"column":4},"end":{"line":153,"column":38}},"84":{"start":{"line":154,"column":23},"end":{"line":154,"column":57}},"85":{"start":{"line":155,"column":15},"end":{"line":155,"column":26}},"86":{"start":{"line":156,"column":4},"end":{"line":158,"column":5}},"87":{"start":{"line":157,"column":6},"end":{"line":157,"column":87}},"88":{"start":{"line":159,"column":4},"end":{"line":159,"column":48}},"89":{"start":{"line":160,"column":4},"end":{"line":160,"column":36}},"90":{"start":{"line":161,"column":4},"end":{"line":167,"column":5}},"91":{"start":{"line":162,"column":20},"end":{"line":162,"column":51}},"92":{"start":{"line":163,"column":6},"end":{"line":164,"column":27}},"93":{"start":{"line":164,"column":8},"end":{"line":164,"column":27}},"94":{"start":{"line":165,"column":6},"end":{"line":166,"column":20}},"95":{"start":{"line":166,"column":8},"end":{"line":166,"column":20}},"96":{"start":{"line":168,"column":4},"end":{"line":168,"column":45}},"97":{"start":{"line":171,"column":4},"end":{"line":171,"column":26}},"98":{"start":{"line":172,"column":4},"end":{"line":193,"column":5}},"99":{"start":{"line":173,"column":6},"end":{"line":173,"column":18}},"100":{"start":{"line":174,"column":17},"end":{"line":174,"column":45}},"101":{"start":{"line":175,"column":6},"end":{"line":179,"column":7}},"102":{"start":{"line":176,"column":8},"end":{"line":176,"column":32}},"103":{"start":{"line":177,"column":8},"end":{"line":177,"column":309}},"104":{"start":{"line":178,"column":8},"end":{"line":178,"column":15}},"105":{"start":{"line":180,"column":6},"end":{"line":180,"column":28}},"106":{"start":{"line":181,"column":6},"end":{"line":185,"column":7}},"107":{"start":{"line":182,"column":8},"end":{"line":182,"column":32}},"108":{"start":{"line":183,"column":8},"end":{"line":183,"column":98}},"109":{"start":{"line":184,"column":8},"end":{"line":184,"column":15}},"110":{"start":{"line":186,"column":6},"end":{"line":186,"column":18}},"111":{"start":{"line":187,"column":6},"end":{"line":187,"column":28}},"112":{"start":{"line":188,"column":23},"end":{"line":188,"column":33}},"113":{"start":{"line":189,"column":6},"end":{"line":189,"column":32}},"114":{"start":{"line":190,"column":6},"end":{"line":190,"column":82}},"115":{"start":{"line":191,"column":6},"end":{"line":192,"column":20}},"116":{"start":{"line":192,"column":8},"end":{"line":192,"column":20}},"117":{"start":{"line":196,"column":4},"end":{"line":196,"column":26}},"118":{"start":{"line":197,"column":4},"end":{"line":219,"column":49}},"119":{"start":{"line":198,"column":6},"end":{"line":198,"column":30}},"120":{"start":{"line":199,"column":6},"end":{"line":199,"column":18}},"121":{"start":{"line":200,"column":11},"end":{"line":219,"column":49}},"122":{"start":{"line":201,"column":6},"end":{"line":201,"column":46}},"123":{"start":{"line":202,"column":9},"end":{"line":219,"column":49}},"124":{"start":{"line":203,"column":6},"end":{"line":203,"column":44}},"125":{"start":{"line":204,"column":9},"end":{"line":219,"column":49}},"126":{"start":{"line":205,"column":6},"end":{"line":205,"column":45}},"127":{"start":{"line":206,"column":9},"end":{"line":219,"column":49}},"128":{"start":{"line":207,"column":6},"end":{"line":207,"column":52}},"129":{"start":{"line":208,"column":9},"end":{"line":219,"column":49}},"130":{"start":{"line":209,"column":6},"end":{"line":209,"column":52}},"131":{"start":{"line":210,"column":9},"end":{"line":219,"column":49}},"132":{"start":{"line":211,"column":6},"end":{"line":211,"column":44}},"133":{"start":{"line":212,"column":9},"end":{"line":219,"column":49}},"134":{"start":{"line":213,"column":6},"end":{"line":213,"column":45}},"135":{"start":{"line":214,"column":9},"end":{"line":219,"column":49}},"136":{"start":{"line":215,"column":6},"end":{"line":215,"column":47}},"137":{"start":{"line":216,"column":9},"end":{"line":219,"column":49}},"138":{"start":{"line":217,"column":6},"end":{"line":217,"column":45}},"139":{"start":{"line":219,"column":6},"end":{"line":219,"column":49}},"140":{"start":{"line":222,"column":4},"end":{"line":222,"column":64}},"141":{"start":{"line":225,"column":16},"end":{"line":225,"column":17}},"142":{"start":{"line":226,"column":4},"end":{"line":229,"column":5}},"143":{"start":{"line":227,"column":6},"end":{"line":227,"column":18}},"144":{"start":{"line":228,"column":6},"end":{"line":228,"column":14}},"145":{"start":{"line":230,"column":4},"end":{"line":230,"column":26}},"146":{"start":{"line":231,"column":18},"end":{"line":231,"column":51}},"147":{"start":{"line":232,"column":15},"end":{"line":232,"column":58}},"148":{"start":{"line":233,"column":4},"end":{"line":234,"column":34}},"149":{"start":{"line":234,"column":6},"end":{"line":234,"column":34}},"150":{"start":{"line":235,"column":4},"end":{"line":235,"column":16}},"151":{"start":{"line":238,"column":4},"end":{"line":238,"column":28}},"152":{"start":{"line":239,"column":4},"end":{"line":239,"column":26}},"153":{"start":{"line":242,"column":20},"end":{"line":242,"column":22}},"154":{"start":{"line":243,"column":20},"end":{"line":243,"column":26}},"155":{"start":{"line":244,"column":23},"end":{"line":244,"column":29}},"156":{"start":{"line":245,"column":4},"end":{"line":273,"column":5}},"157":{"start":{"line":246,"column":6},"end":{"line":246,"column":31}},"158":{"start":{"line":247,"column":6},"end":{"line":247,"column":23}},"159":{"start":{"line":248,"column":6},"end":{"line":251,"column":7}},"160":{"start":{"line":249,"column":8},"end":{"line":249,"column":20}},"161":{"start":{"line":250,"column":8},"end":{"line":250,"column":23}},"162":{"start":{"line":252,"column":6},"end":{"line":267,"column":7}},"163":{"start":{"line":253,"column":8},"end":{"line":253,"column":30}},"164":{"start":{"line":254,"column":8},"end":{"line":254,"column":56}},"165":{"start":{"line":256,"column":20},"end":{"line":256,"column":32}},"166":{"start":{"line":257,"column":8},"end":{"line":260,"column":9}},"167":{"start":{"line":258,"column":10},"end":{"line":258,"column":24}},"168":{"start":{"line":259,"column":10},"end":{"line":259,"column":18}},"169":{"start":{"line":261,"column":8},"end":{"line":266,"column":9}},"170":{"start":{"line":262,"column":10},"end":{"line":262,"column":16}},"171":{"start":{"line":264,"column":10},"end":{"line":264,"column":63}},"172":{"start":{"line":265,"column":10},"end":{"line":265,"column":35}},"173":{"start":{"line":268,"column":6},"end":{"line":268,"column":28}},"174":{"start":{"line":269,"column":6},"end":{"line":272,"column":7}},"175":{"start":{"line":270,"column":8},"end":{"line":270,"column":20}},"176":{"start":{"line":271,"column":8},"end":{"line":271,"column":30}},"177":{"start":{"line":274,"column":4},"end":{"line":274,"column":41}},"178":{"start":{"line":277,"column":20},"end":{"line":277,"column":22}},"179":{"start":{"line":278,"column":20},"end":{"line":278,"column":26}},"180":{"start":{"line":279,"column":23},"end":{"line":279,"column":29}},"181":{"start":{"line":280,"column":4},"end":{"line":315,"column":5}},"182":{"start":{"line":281,"column":19},"end":{"line":281,"column":29}},"183":{"start":{"line":282,"column":6},"end":{"line":282,"column":35}},"184":{"start":{"line":283,"column":6},"end":{"line":283,"column":35}},"185":{"start":{"line":284,"column":6},"end":{"line":284,"column":31}},"186":{"start":{"line":285,"column":6},"end":{"line":285,"column":23}},"187":{"start":{"line":286,"column":6},"end":{"line":289,"column":7}},"188":{"start":{"line":287,"column":8},"end":{"line":287,"column":20}},"189":{"start":{"line":288,"column":8},"end":{"line":288,"column":23}},"190":{"start":{"line":290,"column":6},"end":{"line":309,"column":7}},"191":{"start":{"line":291,"column":8},"end":{"line":291,"column":30}},"192":{"start":{"line":292,"column":8},"end":{"line":292,"column":56}},"193":{"start":{"line":294,"column":20},"end":{"line":294,"column":32}},"194":{"start":{"line":295,"column":8},"end":{"line":298,"column":9}},"195":{"start":{"line":296,"column":10},"end":{"line":296,"column":24}},"196":{"start":{"line":297,"column":10},"end":{"line":297,"column":18}},"197":{"start":{"line":299,"column":8},"end":{"line":302,"column":9}},"198":{"start":{"line":300,"column":10},"end":{"line":300,"column":24}},"199":{"start":{"line":301,"column":10},"end":{"line":301,"column":19}},"200":{"start":{"line":303,"column":8},"end":{"line":308,"column":9}},"201":{"start":{"line":304,"column":10},"end":{"line":304,"column":16}},"202":{"start":{"line":306,"column":10},"end":{"line":306,"column":63}},"203":{"start":{"line":307,"column":10},"end":{"line":307,"column":35}},"204":{"start":{"line":310,"column":6},"end":{"line":310,"column":28}},"205":{"start":{"line":311,"column":6},"end":{"line":314,"column":7}},"206":{"start":{"line":312,"column":8},"end":{"line":312,"column":20}},"207":{"start":{"line":313,"column":8},"end":{"line":313,"column":30}},"208":{"start":{"line":316,"column":4},"end":{"line":316,"column":41}},"209":{"start":{"line":319,"column":4},"end":{"line":319,"column":16}},"210":{"start":{"line":320,"column":19},"end":{"line":320,"column":42}},"211":{"start":{"line":321,"column":4},"end":{"line":321,"column":16}},"212":{"start":{"line":322,"column":15},"end":{"line":322,"column":17}},"213":{"start":{"line":323,"column":4},"end":{"line":332,"column":5}},"214":{"start":{"line":324,"column":17},"end":{"line":324,"column":33}},"215":{"start":{"line":325,"column":6},"end":{"line":330,"column":7}},"216":{"start":{"line":326,"column":8},"end":{"line":329,"column":9}},"217":{"start":{"line":327,"column":10},"end":{"line":327,"column":22}},"218":{"start":{"line":328,"column":10},"end":{"line":328,"column":21}},"219":{"start":{"line":331,"column":6},"end":{"line":331,"column":25}},"220":{"start":{"line":333,"column":4},"end":{"line":334,"column":18}},"221":{"start":{"line":334,"column":6},"end":{"line":334,"column":18}},"222":{"start":{"line":335,"column":19},"end":{"line":335,"column":22}},"223":{"start":{"line":336,"column":4},"end":{"line":337,"column":29}},"224":{"start":{"line":337,"column":6},"end":{"line":337,"column":29}},"225":{"start":{"line":338,"column":20},"end":{"line":338,"column":53}},"226":{"start":{"line":339,"column":4},"end":{"line":339,"column":59}},"227":{"start":{"line":342,"column":19},"end":{"line":342,"column":21}},"228":{"start":{"line":343,"column":4},"end":{"line":343,"column":16}},"229":{"start":{"line":344,"column":4},"end":{"line":344,"column":26}},"230":{"start":{"line":345,"column":4},"end":{"line":345,"column":16}},"231":{"start":{"line":346,"column":4},"end":{"line":352,"column":5}},"232":{"start":{"line":347,"column":20},"end":{"line":347,"column":51}},"233":{"start":{"line":348,"column":6},"end":{"line":349,"column":27}},"234":{"start":{"line":349,"column":8},"end":{"line":349,"column":27}},"235":{"start":{"line":350,"column":6},"end":{"line":351,"column":20}},"236":{"start":{"line":351,"column":8},"end":{"line":351,"column":20}},"237":{"start":{"line":353,"column":4},"end":{"line":353,"column":16}},"238":{"start":{"line":354,"column":19},"end":{"line":354,"column":22}},"239":{"start":{"line":355,"column":4},"end":{"line":356,"column":29}},"240":{"start":{"line":356,"column":6},"end":{"line":356,"column":29}},"241":{"start":{"line":357,"column":4},"end":{"line":357,"column":26}},"242":{"start":{"line":358,"column":19},"end":{"line":358,"column":79}},"243":{"start":{"line":359,"column":4},"end":{"line":359,"column":51}},"244":{"start":{"line":362,"column":19},"end":{"line":362,"column":21}},"245":{"start":{"line":363,"column":4},"end":{"line":363,"column":16}},"246":{"start":{"line":364,"column":4},"end":{"line":364,"column":26}},"247":{"start":{"line":365,"column":4},"end":{"line":365,"column":16}},"248":{"start":{"line":366,"column":4},"end":{"line":372,"column":5}},"249":{"start":{"line":367,"column":20},"end":{"line":367,"column":51}},"250":{"start":{"line":368,"column":6},"end":{"line":369,"column":27}},"251":{"start":{"line":369,"column":8},"end":{"line":369,"column":27}},"252":{"start":{"line":370,"column":6},"end":{"line":371,"column":20}},"253":{"start":{"line":371,"column":8},"end":{"line":371,"column":20}},"254":{"start":{"line":373,"column":4},"end":{"line":373,"column":16}},"255":{"start":{"line":374,"column":19},"end":{"line":374,"column":22}},"256":{"start":{"line":375,"column":4},"end":{"line":376,"column":29}},"257":{"start":{"line":376,"column":6},"end":{"line":376,"column":29}},"258":{"start":{"line":377,"column":4},"end":{"line":377,"column":26}},"259":{"start":{"line":378,"column":4},"end":{"line":378,"column":45}},"260":{"start":{"line":381,"column":17},"end":{"line":381,"column":19}},"261":{"start":{"line":382,"column":4},"end":{"line":390,"column":5}},"262":{"start":{"line":383,"column":16},"end":{"line":383,"column":18}},"263":{"start":{"line":384,"column":6},"end":{"line":387,"column":7}},"264":{"start":{"line":385,"column":8},"end":{"line":385,"column":20}},"265":{"start":{"line":386,"column":8},"end":{"line":386,"column":57}},"266":{"start":{"line":388,"column":6},"end":{"line":388,"column":21}},"267":{"start":{"line":389,"column":6},"end":{"line":389,"column":18}},"268":{"start":{"line":391,"column":19},"end":{"line":391,"column":22}},"269":{"start":{"line":392,"column":4},"end":{"line":393,"column":29}},"270":{"start":{"line":393,"column":6},"end":{"line":393,"column":29}},"271":{"start":{"line":394,"column":20},"end":{"line":394,"column":53}},"272":{"start":{"line":395,"column":4},"end":{"line":395,"column":50}},"273":{"start":{"line":398,"column":19},"end":{"line":398,"column":21}},"274":{"start":{"line":399,"column":4},"end":{"line":434,"column":5}},"275":{"start":{"line":400,"column":6},"end":{"line":431,"column":7}},"276":{"start":{"line":401,"column":8},"end":{"line":401,"column":72}},"277":{"start":{"line":402,"column":11},"end":{"line":431,"column":7}},"278":{"start":{"line":403,"column":8},"end":{"line":403,"column":60}},"279":{"start":{"line":404,"column":13},"end":{"line":431,"column":7}},"280":{"start":{"line":405,"column":8},"end":{"line":405,"column":59}},"281":{"start":{"line":406,"column":11},"end":{"line":431,"column":7}},"282":{"start":{"line":407,"column":8},"end":{"line":407,"column":65}},"283":{"start":{"line":408,"column":11},"end":{"line":431,"column":7}},"284":{"start":{"line":409,"column":8},"end":{"line":409,"column":58}},"285":{"start":{"line":410,"column":11},"end":{"line":431,"column":7}},"286":{"start":{"line":411,"column":8},"end":{"line":411,"column":60}},"287":{"start":{"line":412,"column":11},"end":{"line":431,"column":7}},"288":{"start":{"line":413,"column":8},"end":{"line":413,"column":57}},"289":{"start":{"line":414,"column":11},"end":{"line":431,"column":7}},"290":{"start":{"line":415,"column":8},"end":{"line":415,"column":54}},"291":{"start":{"line":416,"column":11},"end":{"line":431,"column":7}},"292":{"start":{"line":417,"column":8},"end":{"line":417,"column":42}},"293":{"start":{"line":418,"column":11},"end":{"line":431,"column":7}},"294":{"start":{"line":419,"column":8},"end":{"line":419,"column":20}},"295":{"start":{"line":420,"column":21},"end":{"line":420,"column":23}},"296":{"start":{"line":421,"column":8},"end":{"line":422,"column":40}},"297":{"start":{"line":422,"column":10},"end":{"line":422,"column":40}},"298":{"start":{"line":423,"column":8},"end":{"line":423,"column":82}},"299":{"start":{"line":424,"column":13},"end":{"line":431,"column":7}},"300":{"start":{"line":425,"column":8},"end":{"line":425,"column":55}},"301":{"start":{"line":427,"column":19},"end":{"line":427,"column":21}},"302":{"start":{"line":428,"column":8},"end":{"line":429,"column":36}},"303":{"start":{"line":429,"column":10},"end":{"line":429,"column":36}},"304":{"start":{"line":430,"column":8},"end":{"line":430,"column":54}},"305":{"start":{"line":432,"column":6},"end":{"line":433,"column":14}},"306":{"start":{"line":433,"column":8},"end":{"line":433,"column":14}},"307":{"start":{"line":435,"column":4},"end":{"line":435,"column":37}},"308":{"start":{"line":438,"column":4},"end":{"line":438,"column":16}},"309":{"start":{"line":439,"column":16},"end":{"line":439,"column":44}},"310":{"start":{"line":440,"column":4},"end":{"line":443,"column":5}},"311":{"start":{"line":441,"column":6},"end":{"line":441,"column":30}},"312":{"start":{"line":442,"column":6},"end":{"line":442,"column":62}},"313":{"start":{"line":444,"column":4},"end":{"line":447,"column":5}},"314":{"start":{"line":445,"column":6},"end":{"line":445,"column":30}},"315":{"start":{"line":446,"column":6},"end":{"line":446,"column":71}},"316":{"start":{"line":448,"column":4},"end":{"line":448,"column":16}},"317":{"start":{"line":449,"column":24},"end":{"line":449,"column":52}},"318":{"start":{"line":450,"column":4},"end":{"line":453,"column":5}},"319":{"start":{"line":451,"column":6},"end":{"line":451,"column":30}},"320":{"start":{"line":452,"column":6},"end":{"line":452,"column":79}},"321":{"start":{"line":454,"column":4},"end":{"line":457,"column":5}},"322":{"start":{"line":455,"column":6},"end":{"line":455,"column":30}},"323":{"start":{"line":456,"column":6},"end":{"line":456,"column":82}},"324":{"start":{"line":458,"column":4},"end":{"line":458,"column":16}},"325":{"start":{"line":459,"column":20},"end":{"line":459,"column":58}},"326":{"start":{"line":460,"column":4},"end":{"line":463,"column":5}},"327":{"start":{"line":461,"column":6},"end":{"line":461,"column":30}},"328":{"start":{"line":462,"column":6},"end":{"line":462,"column":75}},"329":{"start":{"line":464,"column":4},"end":{"line":464,"column":16}},"330":{"start":{"line":465,"column":19},"end":{"line":465,"column":57}},"331":{"start":{"line":466,"column":4},"end":{"line":469,"column":5}},"332":{"start":{"line":467,"column":6},"end":{"line":467,"column":30}},"333":{"start":{"line":468,"column":6},"end":{"line":468,"column":65}},"334":{"start":{"line":470,"column":4},"end":{"line":473,"column":5}},"335":{"start":{"line":471,"column":6},"end":{"line":471,"column":30}},"336":{"start":{"line":472,"column":6},"end":{"line":472,"column":75}},"337":{"start":{"line":474,"column":4},"end":{"line":474,"column":16}},"338":{"start":{"line":475,"column":19},"end":{"line":475,"column":22}},"339":{"start":{"line":476,"column":4},"end":{"line":477,"column":29}},"340":{"start":{"line":477,"column":6},"end":{"line":477,"column":29}},"341":{"start":{"line":478,"column":18},"end":{"line":478,"column":76}},"342":{"start":{"line":479,"column":4},"end":{"line":480,"column":34}},"343":{"start":{"line":480,"column":6},"end":{"line":480,"column":34}},"344":{"start":{"line":481,"column":4},"end":{"line":481,"column":17}},"345":{"start":{"line":484,"column":4},"end":{"line":484,"column":16}},"346":{"start":{"line":485,"column":4},"end":{"line":486,"column":18}},"347":{"start":{"line":486,"column":6},"end":{"line":486,"column":18}},"348":{"start":{"line":487,"column":4},"end":{"line":488,"column":18}},"349":{"start":{"line":488,"column":6},"end":{"line":488,"column":18}},"350":{"start":{"line":491,"column":4},"end":{"line":491,"column":16}},"351":{"start":{"line":492,"column":13},"end":{"line":492,"column":15}},"352":{"start":{"line":493,"column":4},"end":{"line":494,"column":28}},"353":{"start":{"line":494,"column":6},"end":{"line":494,"column":28}},"354":{"start":{"line":495,"column":18},"end":{"line":495,"column":35}},"355":{"start":{"line":496,"column":4},"end":{"line":501,"column":5}},"356":{"start":{"line":497,"column":20},"end":{"line":497,"column":71}},"357":{"start":{"line":497,"column":52},"end":{"line":497,"column":70}},"358":{"start":{"line":498,"column":6},"end":{"line":499,"column":54}},"359":{"start":{"line":499,"column":8},"end":{"line":499,"column":54}},"360":{"start":{"line":500,"column":6},"end":{"line":500,"column":34}},"361":{"start":{"line":502,"column":4},"end":{"line":502,"column":17}},"362":{"start":{"line":505,"column":22},"end":{"line":505,"column":33}},"363":{"start":{"line":506,"column":21},"end":{"line":506,"column":23}},"364":{"start":{"line":507,"column":15},"end":{"line":507,"column":17}},"365":{"start":{"line":508,"column":4},"end":{"line":517,"column":5}},"366":{"start":{"line":509,"column":6},"end":{"line":516,"column":7}},"367":{"start":{"line":510,"column":8},"end":{"line":511,"column":56}},"368":{"start":{"line":511,"column":10},"end":{"line":511,"column":56}},"369":{"start":{"line":512,"column":8},"end":{"line":512,"column":67}},"370":{"start":{"line":513,"column":8},"end":{"line":513,"column":18}},"371":{"start":{"line":515,"column":8},"end":{"line":515,"column":34}},"372":{"start":{"line":518,"column":4},"end":{"line":519,"column":52}},"373":{"start":{"line":519,"column":6},"end":{"line":519,"column":52}},"374":{"start":{"line":520,"column":4},"end":{"line":523,"column":70}},"375":{"start":{"line":521,"column":6},"end":{"line":521,"column":18}},"376":{"start":{"line":523,"column":6},"end":{"line":523,"column":70}},"377":{"start":{"line":524,"column":4},"end":{"line":524,"column":50}},"378":{"start":{"line":527,"column":4},"end":{"line":527,"column":16}},"379":{"start":{"line":528,"column":15},"end":{"line":528,"column":17}},"380":{"start":{"line":529,"column":4},"end":{"line":538,"column":5}},"381":{"start":{"line":530,"column":17},"end":{"line":530,"column":33}},"382":{"start":{"line":531,"column":6},"end":{"line":536,"column":7}},"383":{"start":{"line":532,"column":8},"end":{"line":535,"column":9}},"384":{"start":{"line":533,"column":10},"end":{"line":533,"column":22}},"385":{"start":{"line":534,"column":10},"end":{"line":534,"column":21}},"386":{"start":{"line":537,"column":6},"end":{"line":537,"column":25}},"387":{"start":{"line":539,"column":4},"end":{"line":540,"column":18}},"388":{"start":{"line":540,"column":6},"end":{"line":540,"column":18}},"389":{"start":{"line":541,"column":19},"end":{"line":541,"column":21}},"390":{"start":{"line":542,"column":4},"end":{"line":547,"column":29}},"391":{"start":{"line":543,"column":6},"end":{"line":545,"column":44}},"392":{"start":{"line":544,"column":8},"end":{"line":544,"column":42}},"393":{"start":{"line":547,"column":6},"end":{"line":547,"column":29}},"394":{"start":{"line":548,"column":4},"end":{"line":548,"column":46}},"395":{"start":{"line":551,"column":20},"end":{"line":551,"column":22}},"396":{"start":{"line":552,"column":4},"end":{"line":552,"column":16}},"397":{"start":{"line":553,"column":4},"end":{"line":553,"column":45}},"398":{"start":{"line":554,"column":4},"end":{"line":555,"column":18}},"399":{"start":{"line":555,"column":6},"end":{"line":555,"column":18}},"400":{"start":{"line":556,"column":4},"end":{"line":556,"column":79}},"401":{"start":{"line":556,"column":62},"end":{"line":556,"column":77}},"402":{"start":{"line":557,"column":4},"end":{"line":560,"column":9}},"403":{"start":{"line":558,"column":6},"end":{"line":560,"column":9}},"404":{"start":{"line":559,"column":8},"end":{"line":559,"column":44}},"405":{"start":{"line":561,"column":4},"end":{"line":561,"column":40}},"406":{"start":{"line":564,"column":4},"end":{"line":564,"column":16}},"407":{"start":{"line":565,"column":22},"end":{"line":565,"column":26}},"408":{"start":{"line":566,"column":4},"end":{"line":569,"column":5}},"409":{"start":{"line":567,"column":6},"end":{"line":567,"column":18}},"410":{"start":{"line":568,"column":6},"end":{"line":568,"column":26}},"411":{"start":{"line":570,"column":18},"end":{"line":570,"column":56}},"412":{"start":{"line":571,"column":4},"end":{"line":571,"column":16}},"413":{"start":{"line":572,"column":4},"end":{"line":572,"column":56}},"414":{"start":{"line":575,"column":4},"end":{"line":575,"column":16}},"415":{"start":{"line":576,"column":21},"end":{"line":576,"column":59}},"416":{"start":{"line":577,"column":4},"end":{"line":577,"column":16}},"417":{"start":{"line":578,"column":15},"end":{"line":578,"column":41}},"418":{"start":{"line":579,"column":4},"end":{"line":580,"column":36}},"419":{"start":{"line":580,"column":6},"end":{"line":580,"column":36}},"420":{"start":{"line":581,"column":4},"end":{"line":581,"column":16}},"421":{"start":{"line":584,"column":4},"end":{"line":584,"column":16}},"422":{"start":{"line":585,"column":17},"end":{"line":585,"column":55}},"423":{"start":{"line":586,"column":4},"end":{"line":586,"column":16}},"424":{"start":{"line":587,"column":21},"end":{"line":587,"column":23}},"425":{"start":{"line":588,"column":4},"end":{"line":589,"column":44}},"426":{"start":{"line":589,"column":6},"end":{"line":589,"column":44}},"427":{"start":{"line":590,"column":15},"end":{"line":590,"column":51}},"428":{"start":{"line":591,"column":4},"end":{"line":591,"column":16}},"429":{"start":{"line":594,"column":4},"end":{"line":594,"column":16}},"430":{"start":{"line":595,"column":4},"end":{"line":595,"column":49}},"431":{"start":{"line":598,"column":4},"end":{"line":598,"column":16}},"432":{"start":{"line":599,"column":20},"end":{"line":599,"column":58}},"433":{"start":{"line":600,"column":4},"end":{"line":601,"column":54}},"434":{"start":{"line":601,"column":6},"end":{"line":601,"column":54}},"435":{"start":{"line":602,"column":4},"end":{"line":605,"column":5}},"436":{"start":{"line":603,"column":6},"end":{"line":603,"column":30}},"437":{"start":{"line":604,"column":6},"end":{"line":604,"column":60}},"438":{"start":{"line":606,"column":4},"end":{"line":606,"column":16}},"439":{"start":{"line":607,"column":15},"end":{"line":607,"column":43}},"440":{"start":{"line":608,"column":4},"end":{"line":611,"column":5}},"441":{"start":{"line":609,"column":6},"end":{"line":609,"column":30}},"442":{"start":{"line":610,"column":6},"end":{"line":610,"column":58}},"443":{"start":{"line":612,"column":4},"end":{"line":612,"column":16}},"444":{"start":{"line":613,"column":4},"end":{"line":623,"column":5}},"445":{"start":{"line":614,"column":20},"end":{"line":614,"column":24}},"446":{"start":{"line":615,"column":18},"end":{"line":615,"column":22}},"447":{"start":{"line":616,"column":6},"end":{"line":620,"column":7}},"448":{"start":{"line":617,"column":20},"end":{"line":617,"column":38}},"449":{"start":{"line":618,"column":8},"end":{"line":618,"column":27}},"450":{"start":{"line":619,"column":8},"end":{"line":619,"column":25}},"451":{"start":{"line":621,"column":6},"end":{"line":622,"column":78}},"452":{"start":{"line":622,"column":8},"end":{"line":622,"column":78}},"453":{"start":{"line":624,"column":4},"end":{"line":624,"column":39}},"454":{"start":{"line":629,"column":4},"end":{"line":630,"column":58}},"455":{"start":{"line":630,"column":6},"end":{"line":630,"column":58}},"456":{"start":{"line":631,"column":4},"end":{"line":631,"column":21}},"457":{"start":{"line":636,"column":4},"end":{"line":636,"column":21}},"458":{"start":{"line":637,"column":4},"end":{"line":637,"column":25}},"459":{"start":{"line":638,"column":4},"end":{"line":638,"column":29}},"460":{"start":{"line":641,"column":4},"end":{"line":641,"column":32}},"461":{"start":{"line":644,"column":4},"end":{"line":644,"column":35}},"462":{"start":{"line":647,"column":4},"end":{"line":647,"column":35}},"463":{"start":{"line":650,"column":4},"end":{"line":650,"column":33}},"464":{"start":{"line":653,"column":4},"end":{"line":653,"column":32}},"465":{"start":{"line":656,"column":18},"end":{"line":656,"column":77}},"466":{"start":{"line":657,"column":4},"end":{"line":660,"column":23}},"467":{"start":{"line":658,"column":6},"end":{"line":658,"column":18}},"468":{"start":{"line":660,"column":6},"end":{"line":660,"column":23}},"469":{"start":{"line":663,"column":4},"end":{"line":663,"column":64}},"470":{"start":{"line":663,"column":38},"end":{"line":663,"column":52}},"471":{"start":{"line":668,"column":4},"end":{"line":668,"column":23}},"472":{"start":{"line":669,"column":4},"end":{"line":669,"column":27}},"473":{"start":{"line":672,"column":4},"end":{"line":672,"column":33}},"474":{"start":{"line":677,"column":4},"end":{"line":677,"column":19}},"475":{"start":{"line":678,"column":4},"end":{"line":678,"column":19}},"476":{"start":{"line":679,"column":4},"end":{"line":679,"column":35}},"477":{"start":{"line":680,"column":4},"end":{"line":680,"column":27}},"478":{"start":{"line":681,"column":4},"end":{"line":681,"column":25}},"479":{"start":{"line":682,"column":4},"end":{"line":682,"column":29}},"480":{"start":{"line":685,"column":4},"end":{"line":685,"column":33}},"481":{"start":{"line":688,"column":4},"end":{"line":693,"column":6}},"482":{"start":{"line":698,"column":4},"end":{"line":698,"column":20}},"483":{"start":{"line":699,"column":4},"end":{"line":699,"column":23}},"484":{"start":{"line":700,"column":4},"end":{"line":700,"column":27}},"485":{"start":{"line":703,"column":4},"end":{"line":703,"column":33}},"486":{"start":{"line":708,"column":4},"end":{"line":708,"column":18}},"487":{"start":{"line":711,"column":4},"end":{"line":711,"column":14}},"488":{"start":{"line":716,"column":4},"end":{"line":716,"column":22}},"489":{"start":{"line":717,"column":4},"end":{"line":717,"column":23}},"490":{"start":{"line":720,"column":4},"end":{"line":720,"column":61}},"491":{"start":{"line":720,"column":36},"end":{"line":720,"column":49}},"492":{"start":{"line":725,"column":4},"end":{"line":725,"column":22}},"493":{"start":{"line":726,"column":4},"end":{"line":726,"column":23}},"494":{"start":{"line":729,"column":4},"end":{"line":729,"column":61}},"495":{"start":{"line":729,"column":36},"end":{"line":729,"column":49}},"496":{"start":{"line":734,"column":4},"end":{"line":734,"column":18}},"497":{"start":{"line":735,"column":4},"end":{"line":735,"column":21}},"498":{"start":{"line":736,"column":4},"end":{"line":736,"column":27}},"499":{"start":{"line":737,"column":4},"end":{"line":737,"column":29}},"500":{"start":{"line":738,"column":4},"end":{"line":738,"column":54}},"501":{"start":{"line":739,"column":4},"end":{"line":739,"column":67}},"502":{"start":{"line":740,"column":4},"end":{"line":741,"column":49}},"503":{"start":{"line":741,"column":6},"end":{"line":741,"column":49}},"504":{"start":{"line":744,"column":4},"end":{"line":744,"column":14}},"505":{"start":{"line":749,"column":4},"end":{"line":749,"column":19}},"506":{"start":{"line":750,"column":4},"end":{"line":750,"column":29}},"507":{"start":{"line":751,"column":4},"end":{"line":751,"column":25}},"508":{"start":{"line":752,"column":4},"end":{"line":752,"column":29}},"509":{"start":{"line":755,"column":4},"end":{"line":755,"column":120}},"510":{"start":{"line":755,"column":42},"end":{"line":755,"column":58}},"511":{"start":{"line":760,"column":4},"end":{"line":760,"column":21}},"512":{"start":{"line":761,"column":4},"end":{"line":761,"column":29}},"513":{"start":{"line":762,"column":4},"end":{"line":762,"column":29}},"514":{"start":{"line":765,"column":4},"end":{"line":765,"column":70}},"515":{"start":{"line":765,"column":42},"end":{"line":765,"column":58}},"516":{"start":{"line":770,"column":4},"end":{"line":770,"column":19}},"517":{"start":{"line":771,"column":4},"end":{"line":771,"column":21}},"518":{"start":{"line":772,"column":4},"end":{"line":772,"column":27}},"519":{"start":{"line":773,"column":4},"end":{"line":773,"column":29}},"520":{"start":{"line":776,"column":4},"end":{"line":776,"column":90}},"521":{"start":{"line":776,"column":34},"end":{"line":776,"column":77}},"522":{"start":{"line":776,"column":52},"end":{"line":776,"column":65}},"523":{"start":{"line":781,"column":4},"end":{"line":781,"column":23}},"524":{"start":{"line":782,"column":4},"end":{"line":782,"column":25}},"525":{"start":{"line":783,"column":4},"end":{"line":783,"column":29}},"526":{"start":{"line":784,"column":4},"end":{"line":784,"column":29}},"527":{"start":{"line":787,"column":4},"end":{"line":787,"column":70}},"528":{"start":{"line":787,"column":42},"end":{"line":787,"column":58}},"529":{"start":{"line":792,"column":4},"end":{"line":792,"column":25}},"530":{"start":{"line":793,"column":4},"end":{"line":793,"column":21}},"531":{"start":{"line":794,"column":4},"end":{"line":794,"column":29}},"532":{"start":{"line":797,"column":4},"end":{"line":797,"column":21}},"533":{"start":{"line":802,"column":4},"end":{"line":802,"column":18}},"534":{"start":{"line":803,"column":4},"end":{"line":803,"column":27}},"535":{"start":{"line":804,"column":4},"end":{"line":804,"column":19}},"536":{"start":{"line":807,"column":4},"end":{"line":807,"column":33}},"537":{"start":{"line":812,"column":4},"end":{"line":812,"column":23}},"538":{"start":{"line":813,"column":4},"end":{"line":813,"column":31}},"539":{"start":{"line":816,"column":4},"end":{"line":816,"column":14}},"540":{"start":{"line":821,"column":4},"end":{"line":821,"column":24}},"541":{"start":{"line":822,"column":4},"end":{"line":822,"column":25}},"542":{"start":{"line":823,"column":4},"end":{"line":823,"column":33}},"543":{"start":{"line":826,"column":4},"end":{"line":826,"column":32}},"544":{"start":{"line":831,"column":4},"end":{"line":831,"column":22}},"545":{"start":{"line":832,"column":4},"end":{"line":832,"column":29}},"546":{"start":{"line":835,"column":4},"end":{"line":835,"column":34}},"547":{"start":{"line":840,"column":4},"end":{"line":840,"column":21}},"548":{"start":{"line":841,"column":4},"end":{"line":841,"column":29}},"549":{"start":{"line":844,"column":4},"end":{"line":844,"column":70}},"550":{"start":{"line":844,"column":42},"end":{"line":844,"column":58}},"551":{"start":{"line":849,"column":4},"end":{"line":849,"column":20}},"552":{"start":{"line":850,"column":4},"end":{"line":850,"column":35}},"553":{"start":{"line":851,"column":4},"end":{"line":851,"column":27}},"554":{"start":{"line":854,"column":4},"end":{"line":854,"column":33}},"555":{"start":{"line":859,"column":4},"end":{"line":859,"column":18}},"556":{"start":{"line":860,"column":4},"end":{"line":860,"column":21}},"557":{"start":{"line":861,"column":4},"end":{"line":861,"column":43}},"558":{"start":{"line":864,"column":4},"end":{"line":864,"column":21}},"559":{"start":{"line":869,"column":4},"end":{"line":869,"column":19}},"560":{"start":{"line":870,"column":4},"end":{"line":870,"column":23}},"561":{"start":{"line":871,"column":4},"end":{"line":872,"column":33}},"562":{"start":{"line":872,"column":6},"end":{"line":872,"column":33}},"563":{"start":{"line":875,"column":4},"end":{"line":875,"column":14}},"564":{"start":{"line":880,"column":4},"end":{"line":880,"column":19}},"565":{"start":{"line":881,"column":4},"end":{"line":881,"column":17}},"566":{"start":{"line":884,"column":4},"end":{"line":884,"column":19}},"567":{"start":{"line":887,"column":4},"end":{"line":887,"column":14}},"568":{"start":{"line":892,"column":4},"end":{"line":892,"column":23}},"569":{"start":{"line":893,"column":4},"end":{"line":893,"column":27}},"570":{"start":{"line":894,"column":4},"end":{"line":894,"column":21}},"571":{"start":{"line":895,"column":4},"end":{"line":895,"column":23}},"572":{"start":{"line":896,"column":4},"end":{"line":896,"column":25}},"573":{"start":{"line":897,"column":4},"end":{"line":897,"column":19}},"574":{"start":{"line":898,"column":4},"end":{"line":898,"column":27}},"575":{"start":{"line":899,"column":4},"end":{"line":899,"column":23}},"576":{"start":{"line":902,"column":15},"end":{"line":902,"column":21}},"577":{"start":{"line":903,"column":0},"end":{"line":903,"column":27}}},"fnMap":{"0":{"name":"(anonymous_0)","decl":{"start":{"line":7,"column":2},"end":{"line":7,"column":3}},"loc":{"start":{"line":7,"column":20},"end":{"line":13,"column":3}},"line":7},"1":{"name":"(anonymous_1)","decl":{"start":{"line":14,"column":2},"end":{"line":14,"column":3}},"loc":{"start":{"line":14,"column":39},"end":{"line":21,"column":3}},"line":14},"2":{"name":"(anonymous_2)","decl":{"start":{"line":22,"column":2},"end":{"line":22,"column":3}},"loc":{"start":{"line":22,"column":34},"end":{"line":24,"column":3}},"line":22},"3":{"name":"(anonymous_3)","decl":{"start":{"line":25,"column":2},"end":{"line":25,"column":3}},"loc":{"start":{"line":25,"column":34},"end":{"line":27,"column":3}},"line":25},"4":{"name":"(anonymous_4)","decl":{"start":{"line":28,"column":2},"end":{"line":28,"column":3}},"loc":{"start":{"line":28,"column":32},"end":{"line":30,"column":3}},"line":28},"5":{"name":"(anonymous_5)","decl":{"start":{"line":31,"column":2},"end":{"line":31,"column":3}},"loc":{"start":{"line":31,"column":50},"end":{"line":54,"column":3}},"line":31},"6":{"name":"(anonymous_6)","decl":{"start":{"line":55,"column":2},"end":{"line":55,"column":3}},"loc":{"start":{"line":55,"column":9},"end":{"line":57,"column":3}},"line":55},"7":{"name":"(anonymous_7)","decl":{"start":{"line":58,"column":2},"end":{"line":58,"column":3}},"loc":{"start":{"line":58,"column":9},"end":{"line":60,"column":3}},"line":58},"8":{"name":"(anonymous_8)","decl":{"start":{"line":61,"column":2},"end":{"line":61,"column":3}},"loc":{"start":{"line":61,"column":23},"end":{"line":89,"column":3}},"line":61},"9":{"name":"(anonymous_9)","decl":{"start":{"line":90,"column":2},"end":{"line":90,"column":3}},"loc":{"start":{"line":90,"column":11},"end":{"line":92,"column":3}},"line":90},"10":{"name":"(anonymous_10)","decl":{"start":{"line":93,"column":2},"end":{"line":93,"column":3}},"loc":{"start":{"line":93,"column":9},"end":{"line":95,"column":3}},"line":93},"11":{"name":"(anonymous_11)","decl":{"start":{"line":96,"column":2},"end":{"line":96,"column":3}},"loc":{"start":{"line":96,"column":19},"end":{"line":98,"column":3}},"line":96},"12":{"name":"(anonymous_12)","decl":{"start":{"line":99,"column":2},"end":{"line":99,"column":3}},"loc":{"start":{"line":99,"column":18},"end":{"line":101,"column":3}},"line":99},"13":{"name":"(anonymous_13)","decl":{"start":{"line":102,"column":2},"end":{"line":102,"column":3}},"loc":{"start":{"line":102,"column":15},"end":{"line":108,"column":3}},"line":102},"14":{"name":"(anonymous_14)","decl":{"start":{"line":109,"column":2},"end":{"line":109,"column":3}},"loc":{"start":{"line":109,"column":17},"end":{"line":113,"column":3}},"line":109},"15":{"name":"(anonymous_15)","decl":{"start":{"line":114,"column":2},"end":{"line":114,"column":3}},"loc":{"start":{"line":114,"column":27},"end":{"line":117,"column":3}},"line":114},"16":{"name":"(anonymous_16)","decl":{"start":{"line":118,"column":2},"end":{"line":118,"column":3}},"loc":{"start":{"line":118,"column":21},"end":{"line":122,"column":3}},"line":118},"17":{"name":"(anonymous_17)","decl":{"start":{"line":123,"column":2},"end":{"line":123,"column":3}},"loc":{"start":{"line":123,"column":16},"end":{"line":125,"column":3}},"line":123},"18":{"name":"(anonymous_18)","decl":{"start":{"line":126,"column":2},"end":{"line":126,"column":3}},"loc":{"start":{"line":126,"column":19},"end":{"line":129,"column":3}},"line":126},"19":{"name":"(anonymous_19)","decl":{"start":{"line":130,"column":2},"end":{"line":130,"column":3}},"loc":{"start":{"line":130,"column":21},"end":{"line":135,"column":3}},"line":130},"20":{"name":"(anonymous_20)","decl":{"start":{"line":136,"column":2},"end":{"line":136,"column":3}},"loc":{"start":{"line":136,"column":29},"end":{"line":141,"column":3}},"line":136},"21":{"name":"(anonymous_21)","decl":{"start":{"line":142,"column":2},"end":{"line":142,"column":3}},"loc":{"start":{"line":142,"column":21},"end":{"line":169,"column":3}},"line":142},"22":{"name":"(anonymous_22)","decl":{"start":{"line":170,"column":2},"end":{"line":170,"column":3}},"loc":{"start":{"line":170,"column":31},"end":{"line":194,"column":3}},"line":170},"23":{"name":"(anonymous_23)","decl":{"start":{"line":195,"column":2},"end":{"line":195,"column":3}},"loc":{"start":{"line":195,"column":29},"end":{"line":220,"column":3}},"line":195},"24":{"name":"(anonymous_24)","decl":{"start":{"line":221,"column":2},"end":{"line":221,"column":3}},"loc":{"start":{"line":221,"column":33},"end":{"line":223,"column":3}},"line":221},"25":{"name":"(anonymous_25)","decl":{"start":{"line":224,"column":2},"end":{"line":224,"column":3}},"loc":{"start":{"line":224,"column":30},"end":{"line":236,"column":3}},"line":224},"26":{"name":"(anonymous_26)","decl":{"start":{"line":237,"column":2},"end":{"line":237,"column":3}},"loc":{"start":{"line":237,"column":28},"end":{"line":240,"column":3}},"line":237},"27":{"name":"(anonymous_27)","decl":{"start":{"line":241,"column":2},"end":{"line":241,"column":3}},"loc":{"start":{"line":241,"column":36},"end":{"line":275,"column":3}},"line":241},"28":{"name":"(anonymous_28)","decl":{"start":{"line":276,"column":2},"end":{"line":276,"column":3}},"loc":{"start":{"line":276,"column":36},"end":{"line":317,"column":3}},"line":276},"29":{"name":"(anonymous_29)","decl":{"start":{"line":318,"column":2},"end":{"line":318,"column":3}},"loc":{"start":{"line":318,"column":28},"end":{"line":340,"column":3}},"line":318},"30":{"name":"(anonymous_30)","decl":{"start":{"line":341,"column":2},"end":{"line":341,"column":3}},"loc":{"start":{"line":341,"column":29},"end":{"line":360,"column":3}},"line":341},"31":{"name":"(anonymous_31)","decl":{"start":{"line":361,"column":2},"end":{"line":361,"column":3}},"loc":{"start":{"line":361,"column":31},"end":{"line":379,"column":3}},"line":361},"32":{"name":"(anonymous_32)","decl":{"start":{"line":380,"column":2},"end":{"line":380,"column":3}},"loc":{"start":{"line":380,"column":29},"end":{"line":396,"column":3}},"line":380},"33":{"name":"(anonymous_33)","decl":{"start":{"line":397,"column":2},"end":{"line":397,"column":3}},"loc":{"start":{"line":397,"column":41},"end":{"line":436,"column":3}},"line":397},"34":{"name":"(anonymous_34)","decl":{"start":{"line":437,"column":2},"end":{"line":437,"column":3}},"loc":{"start":{"line":437,"column":29},"end":{"line":482,"column":3}},"line":437},"35":{"name":"(anonymous_35)","decl":{"start":{"line":483,"column":2},"end":{"line":483,"column":3}},"loc":{"start":{"line":483,"column":31},"end":{"line":489,"column":3}},"line":483},"36":{"name":"(anonymous_36)","decl":{"start":{"line":490,"column":2},"end":{"line":490,"column":3}},"loc":{"start":{"line":490,"column":29},"end":{"line":503,"column":3}},"line":490},"37":{"name":"(anonymous_37)","decl":{"start":{"line":497,"column":43},"end":{"line":497,"column":44}},"loc":{"start":{"line":497,"column":52},"end":{"line":497,"column":70}},"line":497},"38":{"name":"(anonymous_38)","decl":{"start":{"line":504,"column":2},"end":{"line":504,"column":3}},"loc":{"start":{"line":504,"column":43},"end":{"line":525,"column":3}},"line":504},"39":{"name":"(anonymous_39)","decl":{"start":{"line":526,"column":2},"end":{"line":526,"column":3}},"loc":{"start":{"line":526,"column":34},"end":{"line":549,"column":3}},"line":526},"40":{"name":"(anonymous_40)","decl":{"start":{"line":550,"column":2},"end":{"line":550,"column":3}},"loc":{"start":{"line":550,"column":33},"end":{"line":562,"column":3}},"line":550},"41":{"name":"(anonymous_41)","decl":{"start":{"line":556,"column":48},"end":{"line":556,"column":49}},"loc":{"start":{"line":556,"column":62},"end":{"line":556,"column":77}},"line":556},"42":{"name":"(anonymous_42)","decl":{"start":{"line":558,"column":24},"end":{"line":558,"column":25}},"loc":{"start":{"line":558,"column":38},"end":{"line":560,"column":7}},"line":558},"43":{"name":"(anonymous_43)","decl":{"start":{"line":563,"column":2},"end":{"line":563,"column":3}},"loc":{"start":{"line":563,"column":49},"end":{"line":573,"column":3}},"line":563},"44":{"name":"(anonymous_44)","decl":{"start":{"line":574,"column":2},"end":{"line":574,"column":3}},"loc":{"start":{"line":574,"column":32},"end":{"line":582,"column":3}},"line":574},"45":{"name":"(anonymous_45)","decl":{"start":{"line":583,"column":2},"end":{"line":583,"column":3}},"loc":{"start":{"line":583,"column":34},"end":{"line":592,"column":3}},"line":583},"46":{"name":"(anonymous_46)","decl":{"start":{"line":593,"column":2},"end":{"line":593,"column":3}},"loc":{"start":{"line":593,"column":31},"end":{"line":596,"column":3}},"line":593},"47":{"name":"(anonymous_47)","decl":{"start":{"line":597,"column":2},"end":{"line":597,"column":3}},"loc":{"start":{"line":597,"column":28},"end":{"line":625,"column":3}},"line":597},"48":{"name":"(anonymous_48)","decl":{"start":{"line":628,"column":2},"end":{"line":628,"column":3}},"loc":{"start":{"line":628,"column":20},"end":{"line":632,"column":3}},"line":628},"49":{"name":"(anonymous_49)","decl":{"start":{"line":635,"column":2},"end":{"line":635,"column":3}},"loc":{"start":{"line":635,"column":32},"end":{"line":639,"column":3}},"line":635},"50":{"name":"(anonymous_50)","decl":{"start":{"line":640,"column":2},"end":{"line":640,"column":3}},"loc":{"start":{"line":640,"column":14},"end":{"line":642,"column":3}},"line":640},"51":{"name":"(anonymous_51)","decl":{"start":{"line":643,"column":2},"end":{"line":643,"column":3}},"loc":{"start":{"line":643,"column":17},"end":{"line":645,"column":3}},"line":643},"52":{"name":"(anonymous_52)","decl":{"start":{"line":646,"column":2},"end":{"line":646,"column":3}},"loc":{"start":{"line":646,"column":17},"end":{"line":648,"column":3}},"line":646},"53":{"name":"(anonymous_53)","decl":{"start":{"line":649,"column":2},"end":{"line":649,"column":3}},"loc":{"start":{"line":649,"column":15},"end":{"line":651,"column":3}},"line":649},"54":{"name":"(anonymous_54)","decl":{"start":{"line":652,"column":2},"end":{"line":652,"column":3}},"loc":{"start":{"line":652,"column":14},"end":{"line":654,"column":3}},"line":652},"55":{"name":"(anonymous_55)","decl":{"start":{"line":655,"column":2},"end":{"line":655,"column":3}},"loc":{"start":{"line":655,"column":32},"end":{"line":661,"column":3}},"line":655},"56":{"name":"(anonymous_56)","decl":{"start":{"line":662,"column":2},"end":{"line":662,"column":3}},"loc":{"start":{"line":662,"column":11},"end":{"line":664,"column":3}},"line":662},"57":{"name":"(anonymous_57)","decl":{"start":{"line":663,"column":27},"end":{"line":663,"column":28}},"loc":{"start":{"line":663,"column":38},"end":{"line":663,"column":52}},"line":663},"58":{"name":"(anonymous_58)","decl":{"start":{"line":667,"column":2},"end":{"line":667,"column":3}},"loc":{"start":{"line":667,"column":23},"end":{"line":670,"column":3}},"line":667},"59":{"name":"(anonymous_59)","decl":{"start":{"line":671,"column":2},"end":{"line":671,"column":3}},"loc":{"start":{"line":671,"column":11},"end":{"line":673,"column":3}},"line":671},"60":{"name":"(anonymous_60)","decl":{"start":{"line":676,"column":2},"end":{"line":676,"column":3}},"loc":{"start":{"line":676,"column":59},"end":{"line":683,"column":3}},"line":676},"61":{"name":"(anonymous_61)","decl":{"start":{"line":684,"column":2},"end":{"line":684,"column":3}},"loc":{"start":{"line":684,"column":11},"end":{"line":686,"column":3}},"line":684},"62":{"name":"(anonymous_62)","decl":{"start":{"line":687,"column":2},"end":{"line":687,"column":3}},"loc":{"start":{"line":687,"column":11},"end":{"line":694,"column":3}},"line":687},"63":{"name":"(anonymous_63)","decl":{"start":{"line":697,"column":2},"end":{"line":697,"column":3}},"loc":{"start":{"line":697,"column":30},"end":{"line":701,"column":3}},"line":697},"64":{"name":"(anonymous_64)","decl":{"start":{"line":702,"column":2},"end":{"line":702,"column":3}},"loc":{"start":{"line":702,"column":11},"end":{"line":704,"column":3}},"line":702},"65":{"name":"(anonymous_65)","decl":{"start":{"line":707,"column":2},"end":{"line":707,"column":3}},"loc":{"start":{"line":707,"column":16},"end":{"line":709,"column":3}},"line":707},"66":{"name":"(anonymous_66)","decl":{"start":{"line":710,"column":2},"end":{"line":710,"column":3}},"loc":{"start":{"line":710,"column":11},"end":{"line":712,"column":3}},"line":710},"67":{"name":"(anonymous_67)","decl":{"start":{"line":715,"column":2},"end":{"line":715,"column":3}},"loc":{"start":{"line":715,"column":21},"end":{"line":718,"column":3}},"line":715},"68":{"name":"(anonymous_68)","decl":{"start":{"line":719,"column":2},"end":{"line":719,"column":3}},"loc":{"start":{"line":719,"column":11},"end":{"line":721,"column":3}},"line":719},"69":{"name":"(anonymous_69)","decl":{"start":{"line":720,"column":26},"end":{"line":720,"column":27}},"loc":{"start":{"line":720,"column":36},"end":{"line":720,"column":49}},"line":720},"70":{"name":"(anonymous_70)","decl":{"start":{"line":724,"column":2},"end":{"line":724,"column":3}},"loc":{"start":{"line":724,"column":21},"end":{"line":727,"column":3}},"line":724},"71":{"name":"(anonymous_71)","decl":{"start":{"line":728,"column":2},"end":{"line":728,"column":3}},"loc":{"start":{"line":728,"column":11},"end":{"line":730,"column":3}},"line":728},"72":{"name":"(anonymous_72)","decl":{"start":{"line":729,"column":26},"end":{"line":729,"column":27}},"loc":{"start":{"line":729,"column":36},"end":{"line":729,"column":49}},"line":729},"73":{"name":"(anonymous_73)","decl":{"start":{"line":733,"column":2},"end":{"line":733,"column":3}},"loc":{"start":{"line":733,"column":49},"end":{"line":742,"column":3}},"line":733},"74":{"name":"(anonymous_74)","decl":{"start":{"line":743,"column":2},"end":{"line":743,"column":3}},"loc":{"start":{"line":743,"column":11},"end":{"line":745,"column":3}},"line":743},"75":{"name":"(anonymous_75)","decl":{"start":{"line":748,"column":2},"end":{"line":748,"column":3}},"loc":{"start":{"line":748,"column":42},"end":{"line":753,"column":3}},"line":748},"76":{"name":"(anonymous_76)","decl":{"start":{"line":754,"column":2},"end":{"line":754,"column":3}},"loc":{"start":{"line":754,"column":11},"end":{"line":756,"column":3}},"line":754},"77":{"name":"(anonymous_77)","decl":{"start":{"line":755,"column":29},"end":{"line":755,"column":30}},"loc":{"start":{"line":755,"column":42},"end":{"line":755,"column":58}},"line":755},"78":{"name":"(anonymous_78)","decl":{"start":{"line":759,"column":2},"end":{"line":759,"column":3}},"loc":{"start":{"line":759,"column":34},"end":{"line":763,"column":3}},"line":759},"79":{"name":"(anonymous_79)","decl":{"start":{"line":764,"column":2},"end":{"line":764,"column":3}},"loc":{"start":{"line":764,"column":11},"end":{"line":766,"column":3}},"line":764},"80":{"name":"(anonymous_80)","decl":{"start":{"line":765,"column":29},"end":{"line":765,"column":30}},"loc":{"start":{"line":765,"column":42},"end":{"line":765,"column":58}},"line":765},"81":{"name":"(anonymous_81)","decl":{"start":{"line":769,"column":2},"end":{"line":769,"column":3}},"loc":{"start":{"line":769,"column":39},"end":{"line":774,"column":3}},"line":769},"82":{"name":"(anonymous_82)","decl":{"start":{"line":775,"column":2},"end":{"line":775,"column":3}},"loc":{"start":{"line":775,"column":11},"end":{"line":777,"column":3}},"line":775},"83":{"name":"(anonymous_83)","decl":{"start":{"line":776,"column":25},"end":{"line":776,"column":26}},"loc":{"start":{"line":776,"column":34},"end":{"line":776,"column":77}},"line":776},"84":{"name":"(anonymous_84)","decl":{"start":{"line":776,"column":42},"end":{"line":776,"column":43}},"loc":{"start":{"line":776,"column":52},"end":{"line":776,"column":65}},"line":776},"85":{"name":"(anonymous_85)","decl":{"start":{"line":780,"column":2},"end":{"line":780,"column":3}},"loc":{"start":{"line":780,"column":42},"end":{"line":785,"column":3}},"line":780},"86":{"name":"(anonymous_86)","decl":{"start":{"line":786,"column":2},"end":{"line":786,"column":3}},"loc":{"start":{"line":786,"column":11},"end":{"line":788,"column":3}},"line":786},"87":{"name":"(anonymous_87)","decl":{"start":{"line":787,"column":29},"end":{"line":787,"column":30}},"loc":{"start":{"line":787,"column":42},"end":{"line":787,"column":58}},"line":787},"88":{"name":"(anonymous_88)","decl":{"start":{"line":791,"column":2},"end":{"line":791,"column":3}},"loc":{"start":{"line":791,"column":30},"end":{"line":795,"column":3}},"line":791},"89":{"name":"(anonymous_89)","decl":{"start":{"line":796,"column":2},"end":{"line":796,"column":3}},"loc":{"start":{"line":796,"column":11},"end":{"line":798,"column":3}},"line":796},"90":{"name":"(anonymous_90)","decl":{"start":{"line":801,"column":2},"end":{"line":801,"column":3}},"loc":{"start":{"line":801,"column":28},"end":{"line":805,"column":3}},"line":801},"91":{"name":"(anonymous_91)","decl":{"start":{"line":806,"column":2},"end":{"line":806,"column":3}},"loc":{"start":{"line":806,"column":11},"end":{"line":808,"column":3}},"line":806},"92":{"name":"(anonymous_92)","decl":{"start":{"line":811,"column":2},"end":{"line":811,"column":3}},"loc":{"start":{"line":811,"column":25},"end":{"line":814,"column":3}},"line":811},"93":{"name":"(anonymous_93)","decl":{"start":{"line":815,"column":2},"end":{"line":815,"column":3}},"loc":{"start":{"line":815,"column":11},"end":{"line":817,"column":3}},"line":815},"94":{"name":"(anonymous_94)","decl":{"start":{"line":820,"column":2},"end":{"line":820,"column":3}},"loc":{"start":{"line":820,"column":34},"end":{"line":824,"column":3}},"line":820},"95":{"name":"(anonymous_95)","decl":{"start":{"line":825,"column":2},"end":{"line":825,"column":3}},"loc":{"start":{"line":825,"column":11},"end":{"line":827,"column":3}},"line":825},"96":{"name":"(anonymous_96)","decl":{"start":{"line":830,"column":2},"end":{"line":830,"column":3}},"loc":{"start":{"line":830,"column":24},"end":{"line":833,"column":3}},"line":830},"97":{"name":"(anonymous_97)","decl":{"start":{"line":834,"column":2},"end":{"line":834,"column":3}},"loc":{"start":{"line":834,"column":11},"end":{"line":836,"column":3}},"line":834},"98":{"name":"(anonymous_98)","decl":{"start":{"line":839,"column":2},"end":{"line":839,"column":3}},"loc":{"start":{"line":839,"column":24},"end":{"line":842,"column":3}},"line":839},"99":{"name":"(anonymous_99)","decl":{"start":{"line":843,"column":2},"end":{"line":843,"column":3}},"loc":{"start":{"line":843,"column":11},"end":{"line":845,"column":3}},"line":843},"100":{"name":"(anonymous_100)","decl":{"start":{"line":844,"column":29},"end":{"line":844,"column":30}},"loc":{"start":{"line":844,"column":42},"end":{"line":844,"column":58}},"line":844},"101":{"name":"(anonymous_101)","decl":{"start":{"line":848,"column":2},"end":{"line":848,"column":3}},"loc":{"start":{"line":848,"column":36},"end":{"line":852,"column":3}},"line":848},"102":{"name":"(anonymous_102)","decl":{"start":{"line":853,"column":2},"end":{"line":853,"column":3}},"loc":{"start":{"line":853,"column":11},"end":{"line":855,"column":3}},"line":853},"103":{"name":"(anonymous_103)","decl":{"start":{"line":858,"column":2},"end":{"line":858,"column":3}},"loc":{"start":{"line":858,"column":30},"end":{"line":862,"column":3}},"line":858},"104":{"name":"(anonymous_104)","decl":{"start":{"line":863,"column":2},"end":{"line":863,"column":3}},"loc":{"start":{"line":863,"column":11},"end":{"line":865,"column":3}},"line":863},"105":{"name":"(anonymous_105)","decl":{"start":{"line":868,"column":2},"end":{"line":868,"column":3}},"loc":{"start":{"line":868,"column":31},"end":{"line":873,"column":3}},"line":868},"106":{"name":"(anonymous_106)","decl":{"start":{"line":874,"column":2},"end":{"line":874,"column":3}},"loc":{"start":{"line":874,"column":11},"end":{"line":876,"column":3}},"line":874},"107":{"name":"(anonymous_107)","decl":{"start":{"line":879,"column":2},"end":{"line":879,"column":3}},"loc":{"start":{"line":879,"column":18},"end":{"line":882,"column":3}},"line":879},"108":{"name":"(anonymous_108)","decl":{"start":{"line":883,"column":2},"end":{"line":883,"column":3}},"loc":{"start":{"line":883,"column":10},"end":{"line":885,"column":3}},"line":883},"109":{"name":"(anonymous_109)","decl":{"start":{"line":886,"column":2},"end":{"line":886,"column":3}},"loc":{"start":{"line":886,"column":11},"end":{"line":888,"column":3}},"line":886},"110":{"name":"(anonymous_110)","decl":{"start":{"line":891,"column":2},"end":{"line":891,"column":3}},"loc":{"start":{"line":891,"column":65},"end":{"line":900,"column":3}},"line":891}},"branchMap":{"0":{"loc":{"start":{"line":8,"column":4},"end":{"line":9,"column":67}},"type":"if","locations":[{"start":{"line":8,"column":4},"end":{"line":9,"column":67}},{"start":{},"end":{}}],"line":8},"1":{"loc":{"start":{"line":15,"column":4},"end":{"line":19,"column":5}},"type":"if","locations":[{"start":{"line":15,"column":4},"end":{"line":19,"column":5}},{"start":{},"end":{}}],"line":15},"2":{"loc":{"start":{"line":15,"column":8},"end":{"line":15,"column":33}},"type":"binary-expr","locations":[{"start":{"line":15,"column":8},"end":{"line":15,"column":12}},{"start":{"line":15,"column":16},"end":{"line":15,"column":33}}],"line":15},"3":{"loc":{"start":{"line":31,"column":35},"end":{"line":31,"column":48}},"type":"default-arg","locations":[{"start":{"line":31,"column":43},"end":{"line":31,"column":48}}],"line":31},"4":{"loc":{"start":{"line":32,"column":4},"end":{"line":53,"column":62}},"type":"if","locations":[{"start":{"line":32,"column":4},"end":{"line":53,"column":62}},{"start":{"line":34,"column":9},"end":{"line":53,"column":62}}],"line":32},"5":{"loc":{"start":{"line":34,"column":9},"end":{"line":53,"column":62}},"type":"if","locations":[{"start":{"line":34,"column":9},"end":{"line":53,"column":62}},{"start":{"line":53,"column":6},"end":{"line":53,"column":62}}],"line":34},"6":{"loc":{"start":{"line":35,"column":6},"end":{"line":51,"column":136}},"type":"if","locations":[{"start":{"line":35,"column":6},"end":{"line":51,"column":136}},{"start":{"line":51,"column":8},"end":{"line":51,"column":136}}],"line":35},"7":{"loc":{"start":{"line":40,"column":18},"end":{"line":40,"column":50}},"type":"cond-expr","locations":[{"start":{"line":40,"column":37},"end":{"line":40,"column":43}},{"start":{"line":40,"column":46},"end":{"line":40,"column":50}}],"line":40},"8":{"loc":{"start":{"line":41,"column":22},"end":{"line":41,"column":54}},"type":"cond-expr","locations":[{"start":{"line":41,"column":41},"end":{"line":41,"column":47}},{"start":{"line":41,"column":50},"end":{"line":41,"column":54}}],"line":41},"9":{"loc":{"start":{"line":42,"column":8},"end":{"line":48,"column":9}},"type":"if","locations":[{"start":{"line":42,"column":8},"end":{"line":48,"column":9}},{"start":{},"end":{}}],"line":42},"10":{"loc":{"start":{"line":44,"column":10},"end":{"line":47,"column":25}},"type":"if","locations":[{"start":{"line":44,"column":10},"end":{"line":47,"column":25}},{"start":{"line":47,"column":12},"end":{"line":47,"column":25}}],"line":44},"11":{"loc":{"start":{"line":56,"column":11},"end":{"line":56,"column":60}},"type":"cond-expr","locations":[{"start":{"line":56,"column":25},"end":{"line":56,"column":53}},{"start":{"line":56,"column":56},"end":{"line":56,"column":60}}],"line":56},"12":{"loc":{"start":{"line":61,"column":7},"end":{"line":61,"column":21}},"type":"default-arg","locations":[{"start":{"line":61,"column":17},"end":{"line":61,"column":21}}],"line":61},"13":{"loc":{"start":{"line":62,"column":4},"end":{"line":63,"column":18}},"type":"if","locations":[{"start":{"line":62,"column":4},"end":{"line":63,"column":18}},{"start":{},"end":{}}],"line":62},"14":{"loc":{"start":{"line":65,"column":4},"end":{"line":86,"column":5}},"type":"if","locations":[{"start":{"line":65,"column":4},"end":{"line":86,"column":5}},{"start":{},"end":{}}],"line":65},"15":{"loc":{"start":{"line":66,"column":6},"end":{"line":67,"column":39}},"type":"if","locations":[{"start":{"line":66,"column":6},"end":{"line":67,"column":39}},{"start":{},"end":{}}],"line":66},"16":{"loc":{"start":{"line":68,"column":6},"end":{"line":81,"column":7}},"type":"if","locations":[{"start":{"line":68,"column":6},"end":{"line":81,"column":7}},{"start":{"line":75,"column":13},"end":{"line":81,"column":7}}],"line":68},"17":{"loc":{"start":{"line":69,"column":8},"end":{"line":73,"column":9}},"type":"if","locations":[{"start":{"line":69,"column":8},"end":{"line":73,"column":9}},{"start":{"line":71,"column":15},"end":{"line":73,"column":9}}],"line":69},"18":{"loc":{"start":{"line":75,"column":13},"end":{"line":81,"column":7}},"type":"if","locations":[{"start":{"line":75,"column":13},"end":{"line":81,"column":7}},{"start":{},"end":{}}],"line":75},"19":{"loc":{"start":{"line":76,"column":8},"end":{"line":80,"column":9}},"type":"if","locations":[{"start":{"line":76,"column":8},"end":{"line":80,"column":9}},{"start":{"line":78,"column":13},"end":{"line":80,"column":9}}],"line":76},"20":{"loc":{"start":{"line":82,"column":6},"end":{"line":85,"column":7}},"type":"if","locations":[{"start":{"line":82,"column":6},"end":{"line":85,"column":7}},{"start":{},"end":{}}],"line":82},"21":{"loc":{"start":{"line":82,"column":10},"end":{"line":82,"column":107}},"type":"binary-expr","locations":[{"start":{"line":82,"column":10},"end":{"line":82,"column":22}},{"start":{"line":82,"column":26},"end":{"line":82,"column":66}},{"start":{"line":82,"column":70},"end":{"line":82,"column":107}}],"line":82},"22":{"loc":{"start":{"line":97,"column":11},"end":{"line":97,"column":69}},"type":"cond-expr","locations":[{"start":{"line":97,"column":30},"end":{"line":97,"column":34}},{"start":{"line":97,"column":37},"end":{"line":97,"column":69}}],"line":97},"23":{"loc":{"start":{"line":100,"column":11},"end":{"line":100,"column":88}},"type":"cond-expr","locations":[{"start":{"line":100,"column":49},"end":{"line":100,"column":53}},{"start":{"line":100,"column":56},"end":{"line":100,"column":88}}],"line":100},"24":{"loc":{"start":{"line":104,"column":4},"end":{"line":107,"column":80}},"type":"if","locations":[{"start":{"line":104,"column":4},"end":{"line":107,"column":80}},{"start":{"line":107,"column":6},"end":{"line":107,"column":80}}],"line":104},"25":{"loc":{"start":{"line":110,"column":4},"end":{"line":111,"column":19}},"type":"if","locations":[{"start":{"line":110,"column":4},"end":{"line":111,"column":19}},{"start":{},"end":{}}],"line":110},"26":{"loc":{"start":{"line":116,"column":11},"end":{"line":116,"column":290}},"type":"binary-expr","locations":[{"start":{"line":116,"column":11},"end":{"line":116,"column":24}},{"start":{"line":116,"column":28},"end":{"line":116,"column":40}},{"start":{"line":116,"column":44},"end":{"line":116,"column":56}},{"start":{"line":116,"column":60},"end":{"line":116,"column":72}},{"start":{"line":116,"column":76},"end":{"line":116,"column":88}},{"start":{"line":116,"column":92},"end":{"line":116,"column":104}},{"start":{"line":116,"column":108},"end":{"line":116,"column":120}},{"start":{"line":116,"column":124},"end":{"line":116,"column":160}},{"start":{"line":116,"column":164},"end":{"line":116,"column":176}},{"start":{"line":116,"column":180},"end":{"line":116,"column":192}},{"start":{"line":116,"column":196},"end":{"line":116,"column":208}},{"start":{"line":116,"column":212},"end":{"line":116,"column":241}},{"start":{"line":116,"column":245},"end":{"line":116,"column":257}},{"start":{"line":116,"column":261},"end":{"line":116,"column":273}},{"start":{"line":116,"column":277},"end":{"line":116,"column":290}}],"line":116},"27":{"loc":{"start":{"line":119,"column":4},"end":{"line":120,"column":19}},"type":"if","locations":[{"start":{"line":119,"column":4},"end":{"line":120,"column":19}},{"start":{},"end":{}}],"line":119},"28":{"loc":{"start":{"line":127,"column":11},"end":{"line":127,"column":52}},"type":"binary-expr","locations":[{"start":{"line":127,"column":11},"end":{"line":127,"column":22}},{"start":{"line":127,"column":26},"end":{"line":127,"column":52}}],"line":127},"29":{"loc":{"start":{"line":132,"column":11},"end":{"line":132,"column":46}},"type":"binary-expr","locations":[{"start":{"line":132,"column":11},"end":{"line":132,"column":22}},{"start":{"line":132,"column":26},"end":{"line":132,"column":46}}],"line":132},"30":{"loc":{"start":{"line":138,"column":11},"end":{"line":138,"column":68}},"type":"binary-expr","locations":[{"start":{"line":138,"column":11},"end":{"line":138,"column":22}},{"start":{"line":138,"column":26},"end":{"line":138,"column":44}},{"start":{"line":138,"column":48},"end":{"line":138,"column":68}}],"line":138},"31":{"loc":{"start":{"line":163,"column":6},"end":{"line":164,"column":27}},"type":"if","locations":[{"start":{"line":163,"column":6},"end":{"line":164,"column":27}},{"start":{},"end":{}}],"line":163},"32":{"loc":{"start":{"line":165,"column":13},"end":{"line":165,"column":79}},"type":"binary-expr","locations":[{"start":{"line":165,"column":13},"end":{"line":165,"column":32}},{"start":{"line":165,"column":36},"end":{"line":165,"column":55}},{"start":{"line":165,"column":59},"end":{"line":165,"column":79}}],"line":165},"33":{"loc":{"start":{"line":175,"column":6},"end":{"line":179,"column":7}},"type":"if","locations":[{"start":{"line":175,"column":6},"end":{"line":179,"column":7}},{"start":{},"end":{}}],"line":175},"34":{"loc":{"start":{"line":177,"column":53},"end":{"line":177,"column":306}},"type":"cond-expr","locations":[{"start":{"line":177,"column":74},"end":{"line":177,"column":229}},{"start":{"line":177,"column":232},"end":{"line":177,"column":306}}],"line":177},"35":{"loc":{"start":{"line":181,"column":6},"end":{"line":185,"column":7}},"type":"if","locations":[{"start":{"line":181,"column":6},"end":{"line":185,"column":7}},{"start":{},"end":{}}],"line":181},"36":{"loc":{"start":{"line":191,"column":13},"end":{"line":191,"column":79}},"type":"binary-expr","locations":[{"start":{"line":191,"column":13},"end":{"line":191,"column":32}},{"start":{"line":191,"column":36},"end":{"line":191,"column":55}},{"start":{"line":191,"column":59},"end":{"line":191,"column":79}}],"line":191},"37":{"loc":{"start":{"line":197,"column":4},"end":{"line":219,"column":49}},"type":"if","locations":[{"start":{"line":197,"column":4},"end":{"line":219,"column":49}},{"start":{"line":200,"column":11},"end":{"line":219,"column":49}}],"line":197},"38":{"loc":{"start":{"line":200,"column":11},"end":{"line":219,"column":49}},"type":"if","locations":[{"start":{"line":200,"column":11},"end":{"line":219,"column":49}},{"start":{"line":202,"column":9},"end":{"line":219,"column":49}}],"line":200},"39":{"loc":{"start":{"line":202,"column":9},"end":{"line":219,"column":49}},"type":"if","locations":[{"start":{"line":202,"column":9},"end":{"line":219,"column":49}},{"start":{"line":204,"column":9},"end":{"line":219,"column":49}}],"line":202},"40":{"loc":{"start":{"line":204,"column":9},"end":{"line":219,"column":49}},"type":"if","locations":[{"start":{"line":204,"column":9},"end":{"line":219,"column":49}},{"start":{"line":206,"column":9},"end":{"line":219,"column":49}}],"line":204},"41":{"loc":{"start":{"line":206,"column":9},"end":{"line":219,"column":49}},"type":"if","locations":[{"start":{"line":206,"column":9},"end":{"line":219,"column":49}},{"start":{"line":208,"column":9},"end":{"line":219,"column":49}}],"line":206},"42":{"loc":{"start":{"line":208,"column":9},"end":{"line":219,"column":49}},"type":"if","locations":[{"start":{"line":208,"column":9},"end":{"line":219,"column":49}},{"start":{"line":210,"column":9},"end":{"line":219,"column":49}}],"line":208},"43":{"loc":{"start":{"line":210,"column":9},"end":{"line":219,"column":49}},"type":"if","locations":[{"start":{"line":210,"column":9},"end":{"line":219,"column":49}},{"start":{"line":212,"column":9},"end":{"line":219,"column":49}}],"line":210},"44":{"loc":{"start":{"line":212,"column":9},"end":{"line":219,"column":49}},"type":"if","locations":[{"start":{"line":212,"column":9},"end":{"line":219,"column":49}},{"start":{"line":214,"column":9},"end":{"line":219,"column":49}}],"line":212},"45":{"loc":{"start":{"line":214,"column":9},"end":{"line":219,"column":49}},"type":"if","locations":[{"start":{"line":214,"column":9},"end":{"line":219,"column":49}},{"start":{"line":216,"column":9},"end":{"line":219,"column":49}}],"line":214},"46":{"loc":{"start":{"line":216,"column":9},"end":{"line":219,"column":49}},"type":"if","locations":[{"start":{"line":216,"column":9},"end":{"line":219,"column":49}},{"start":{"line":219,"column":6},"end":{"line":219,"column":49}}],"line":216},"47":{"loc":{"start":{"line":233,"column":4},"end":{"line":234,"column":34}},"type":"if","locations":[{"start":{"line":233,"column":4},"end":{"line":234,"column":34}},{"start":{},"end":{}}],"line":233},"48":{"loc":{"start":{"line":252,"column":6},"end":{"line":267,"column":7}},"type":"if","locations":[{"start":{"line":252,"column":6},"end":{"line":267,"column":7}},{"start":{"line":255,"column":13},"end":{"line":267,"column":7}}],"line":252},"49":{"loc":{"start":{"line":252,"column":10},"end":{"line":252,"column":60}},"type":"binary-expr","locations":[{"start":{"line":252,"column":10},"end":{"line":252,"column":30}},{"start":{"line":252,"column":34},"end":{"line":252,"column":60}}],"line":252},"50":{"loc":{"start":{"line":261,"column":8},"end":{"line":266,"column":9}},"type":"if","locations":[{"start":{"line":261,"column":8},"end":{"line":266,"column":9}},{"start":{"line":263,"column":13},"end":{"line":266,"column":9}}],"line":261},"51":{"loc":{"start":{"line":290,"column":6},"end":{"line":309,"column":7}},"type":"if","locations":[{"start":{"line":290,"column":6},"end":{"line":309,"column":7}},{"start":{"line":293,"column":13},"end":{"line":309,"column":7}}],"line":290},"52":{"loc":{"start":{"line":290,"column":10},"end":{"line":290,"column":60}},"type":"binary-expr","locations":[{"start":{"line":290,"column":10},"end":{"line":290,"column":30}},{"start":{"line":290,"column":34},"end":{"line":290,"column":60}}],"line":290},"53":{"loc":{"start":{"line":303,"column":8},"end":{"line":308,"column":9}},"type":"if","locations":[{"start":{"line":303,"column":8},"end":{"line":308,"column":9}},{"start":{"line":305,"column":13},"end":{"line":308,"column":9}}],"line":303},"54":{"loc":{"start":{"line":323,"column":11},"end":{"line":323,"column":43}},"type":"binary-expr","locations":[{"start":{"line":323,"column":11},"end":{"line":323,"column":22}},{"start":{"line":323,"column":26},"end":{"line":323,"column":43}}],"line":323},"55":{"loc":{"start":{"line":325,"column":6},"end":{"line":330,"column":7}},"type":"if","locations":[{"start":{"line":325,"column":6},"end":{"line":330,"column":7}},{"start":{},"end":{}}],"line":325},"56":{"loc":{"start":{"line":326,"column":8},"end":{"line":329,"column":9}},"type":"if","locations":[{"start":{"line":326,"column":8},"end":{"line":329,"column":9}},{"start":{},"end":{}}],"line":326},"57":{"loc":{"start":{"line":333,"column":4},"end":{"line":334,"column":18}},"type":"if","locations":[{"start":{"line":333,"column":4},"end":{"line":334,"column":18}},{"start":{},"end":{}}],"line":333},"58":{"loc":{"start":{"line":336,"column":4},"end":{"line":337,"column":29}},"type":"if","locations":[{"start":{"line":336,"column":4},"end":{"line":337,"column":29}},{"start":{},"end":{}}],"line":336},"59":{"loc":{"start":{"line":336,"column":8},"end":{"line":336,"column":44}},"type":"binary-expr","locations":[{"start":{"line":336,"column":8},"end":{"line":336,"column":24}},{"start":{"line":336,"column":28},"end":{"line":336,"column":44}}],"line":336},"60":{"loc":{"start":{"line":346,"column":11},"end":{"line":346,"column":43}},"type":"binary-expr","locations":[{"start":{"line":346,"column":11},"end":{"line":346,"column":22}},{"start":{"line":346,"column":26},"end":{"line":346,"column":43}}],"line":346},"61":{"loc":{"start":{"line":348,"column":6},"end":{"line":349,"column":27}},"type":"if","locations":[{"start":{"line":348,"column":6},"end":{"line":349,"column":27}},{"start":{},"end":{}}],"line":348},"62":{"loc":{"start":{"line":350,"column":13},"end":{"line":350,"column":79}},"type":"binary-expr","locations":[{"start":{"line":350,"column":13},"end":{"line":350,"column":32}},{"start":{"line":350,"column":36},"end":{"line":350,"column":55}},{"start":{"line":350,"column":59},"end":{"line":350,"column":79}}],"line":350},"63":{"loc":{"start":{"line":355,"column":4},"end":{"line":356,"column":29}},"type":"if","locations":[{"start":{"line":355,"column":4},"end":{"line":356,"column":29}},{"start":{},"end":{}}],"line":355},"64":{"loc":{"start":{"line":355,"column":8},"end":{"line":355,"column":44}},"type":"binary-expr","locations":[{"start":{"line":355,"column":8},"end":{"line":355,"column":24}},{"start":{"line":355,"column":28},"end":{"line":355,"column":44}}],"line":355},"65":{"loc":{"start":{"line":358,"column":19},"end":{"line":358,"column":79}},"type":"cond-expr","locations":[{"start":{"line":358,"column":39},"end":{"line":358,"column":43}},{"start":{"line":358,"column":46},"end":{"line":358,"column":79}}],"line":358},"66":{"loc":{"start":{"line":366,"column":11},"end":{"line":366,"column":43}},"type":"binary-expr","locations":[{"start":{"line":366,"column":11},"end":{"line":366,"column":22}},{"start":{"line":366,"column":26},"end":{"line":366,"column":43}}],"line":366},"67":{"loc":{"start":{"line":368,"column":6},"end":{"line":369,"column":27}},"type":"if","locations":[{"start":{"line":368,"column":6},"end":{"line":369,"column":27}},{"start":{},"end":{}}],"line":368},"68":{"loc":{"start":{"line":370,"column":13},"end":{"line":370,"column":79}},"type":"binary-expr","locations":[{"start":{"line":370,"column":13},"end":{"line":370,"column":32}},{"start":{"line":370,"column":36},"end":{"line":370,"column":55}},{"start":{"line":370,"column":59},"end":{"line":370,"column":79}}],"line":370},"69":{"loc":{"start":{"line":375,"column":4},"end":{"line":376,"column":29}},"type":"if","locations":[{"start":{"line":375,"column":4},"end":{"line":376,"column":29}},{"start":{},"end":{}}],"line":375},"70":{"loc":{"start":{"line":375,"column":8},"end":{"line":375,"column":44}},"type":"binary-expr","locations":[{"start":{"line":375,"column":8},"end":{"line":375,"column":24}},{"start":{"line":375,"column":28},"end":{"line":375,"column":44}}],"line":375},"71":{"loc":{"start":{"line":382,"column":11},"end":{"line":382,"column":42}},"type":"binary-expr","locations":[{"start":{"line":382,"column":11},"end":{"line":382,"column":22}},{"start":{"line":382,"column":26},"end":{"line":382,"column":42}}],"line":382},"72":{"loc":{"start":{"line":384,"column":13},"end":{"line":384,"column":46}},"type":"binary-expr","locations":[{"start":{"line":384,"column":13},"end":{"line":384,"column":24}},{"start":{"line":384,"column":28},"end":{"line":384,"column":46}}],"line":384},"73":{"loc":{"start":{"line":392,"column":4},"end":{"line":393,"column":29}},"type":"if","locations":[{"start":{"line":392,"column":4},"end":{"line":393,"column":29}},{"start":{},"end":{}}],"line":392},"74":{"loc":{"start":{"line":392,"column":8},"end":{"line":392,"column":44}},"type":"binary-expr","locations":[{"start":{"line":392,"column":8},"end":{"line":3
[...]
,{"start":{"line":408,"column":11},"end":{"line":431,"column":7}}],"line":406},"81":{"loc":{"start":{"line":408,"column":11},"end":{"line":431,"column":7}},"type":"if","locations":[{"start":{"line":408,"column":11},"end":{"line":431,"column":7}},{"start":{"line":410,"column":11},"end":{"line":431,"column":7}}],"line":408},"82":{"loc":{"start":{"line":410,"column":11},"end":{"line":431,"column":7}},"type":"if","locations":[{"start":{"line":410,"column":11},"end":{"line":431,"column":7}},{"start":{"line":412,"column":11},"end":{"line":431,"column":7}}],"line":410},"83":{"loc":{"start":{"line":412,"column":11},"end":{"line":431,"column":7}},"type":"if","locations":[{"start":{"line":412,"column":11},"end":{"line":431,"column":7}},{"start":{"line":414,"column":11},"end":{"line":431,"column":7}}],"line":412},"84":{"loc":{"start":{"line":414,"column":11},"end":{"line":431,"column":7}},"type":"if","locations":[{"start":{"line":414,"column":11},"end":{"line":431,"column":7}},{"start":{"line":416,"column":11},"end":{"line":431,"column":7}}],"line":414},"85":{"loc":{"start":{"line":416,"column":11},"end":{"line":431,"column":7}},"type":"if","locations":[{"start":{"line":416,"column":11},"end":{"line":431,"column":7}},{"start":{"line":418,"column":11},"end":{"line":431,"column":7}}],"line":416},"86":{"loc":{"start":{"line":416,"column":15},"end":{"line":416,"column":64}},"type":"binary-expr","locations":[{"start":{"line":416,"column":15},"end":{"line":416,"column":44}},{"start":{"line":416,"column":48},"end":{"line":416,"column":64}}],"line":416},"87":{"loc":{"start":{"line":418,"column":11},"end":{"line":431,"column":7}},"type":"if","locations":[{"start":{"line":418,"column":11},"end":{"line":431,"column":7}},{"start":{"line":424,"column":13},"end":{"line":431,"column":7}}],"line":418},"88":{"loc":{"start":{"line":421,"column":15},"end":{"line":421,"column":61}},"type":"binary-expr","locations":[{"start":{"line":421,"column":15},"end":{"line":421,"column":26}},{"start":{"line":421,"column":30},"end":{"line":421,"column":61}}],"line":421},"89":{"loc":{"start":{"line":424,"column":13},"end":{"line":431,"column":7}},"type":"if","locations":[{"start":{"line":424,"column":13},"end":{"line":431,"column":7}},{"start":{"line":426,"column":13},"end":{"line":431,"column":7}}],"line":424},"90":{"loc":{"start":{"line":424,"column":17},"end":{"line":424,"column":73}},"type":"binary-expr","locations":[{"start":{"line":424,"column":17},"end":{"line":424,"column":33}},{"start":{"line":424,"column":37},"end":{"line":424,"column":73}}],"line":424},"91":{"loc":{"start":{"line":428,"column":15},"end":{"line":428,"column":123}},"type":"binary-expr","locations":[{"start":{"line":428,"column":15},"end":{"line":428,"column":26}},{"start":{"line":428,"column":31},"end":{"line":428,"column":40}},{"start":{"line":428,"column":44},"end":{"line":428,"column":66}},{"start":{"line":428,"column":71},"end":{"line":428,"column":101}},{"start":{"line":428,"column":105},"end":{"line":428,"column":123}}],"line":428},"92":{"loc":{"start":{"line":432,"column":6},"end":{"line":433,"column":14}},"type":"if","locations":[{"start":{"line":432,"column":6},"end":{"line":433,"column":14}},{"start":{},"end":{}}],"line":432},"93":{"loc":{"start":{"line":440,"column":4},"end":{"line":443,"column":5}},"type":"if","locations":[{"start":{"line":440,"column":4},"end":{"line":443,"column":5}},{"start":{},"end":{}}],"line":440},"94":{"loc":{"start":{"line":444,"column":4},"end":{"line":447,"column":5}},"type":"if","locations":[{"start":{"line":444,"column":4},"end":{"line":447,"column":5}},{"start":{},"end":{}}],"line":444},"95":{"loc":{"start":{"line":450,"column":4},"end":{"line":453,"column":5}},"type":"if","locations":[{"start":{"line":450,"column":4},"end":{"line":453,"column":5}},{"start":{},"end":{}}],"line":450},"96":{"loc":{"start":{"line":454,"column":4},"end":{"line":457,"column":5}},"type":"if","locations":[{"start":{"line":454,"column":4},"end":{"line":457,"column":5}},{"start":{},"end":{}}],"line":454},"97":{"loc":{"start":{"line":460,"column":4},"end":{"line":463,"column":5}},"type":"if","locations":[{"start":{"line":460,"column":4},"end":{"line":463,"column":5}},{"start":{},"end":{}}],"line":460},"98":{"loc":{"start":{"line":466,"column":4},"end":{"line":469,"column":5}},"type":"if","locations":[{"start":{"line":466,"column":4},"end":{"line":469,"column":5}},{"start":{},"end":{}}],"line":466},"99":{"loc":{"start":{"line":470,"column":4},"end":{"line":473,"column":5}},"type":"if","locations":[{"start":{"line":470,"column":4},"end":{"line":473,"column":5}},{"start":{},"end":{}}],"line":470},"100":{"loc":{"start":{"line":476,"column":4},"end":{"line":477,"column":29}},"type":"if","locations":[{"start":{"line":476,"column":4},"end":{"line":477,"column":29}},{"start":{},"end":{}}],"line":476},"101":{"loc":{"start":{"line":476,"column":8},"end":{"line":476,"column":50}},"type":"binary-expr","locations":[{"start":{"line":476,"column":8},"end":{"line":476,"column":27}},{"start":{"line":476,"column":31},"end":{"line":476,"column":50}}],"line":476},"102":{"loc":{"start":{"line":479,"column":4},"end":{"line":480,"column":34}},"type":"if","locations":[{"start":{"line":479,"column":4},"end":{"line":480,"column":34}},{"start":{},"end":{}}],"line":479},"103":{"loc":{"start":{"line":485,"column":11},"end":{"line":485,"column":69}},"type":"binary-expr","locations":[{"start":{"line":485,"column":11},"end":{"line":485,"column":22}},{"start":{"line":485,"column":26},"end":{"line":485,"column":46}},{"start":{"line":485,"column":50},"end":{"line":485,"column":69}}],"line":485},"104":{"loc":{"start":{"line":487,"column":4},"end":{"line":488,"column":18}},"type":"if","locations":[{"start":{"line":487,"column":4},"end":{"line":488,"column":18}},{"start":{},"end":{}}],"line":487},"105":{"loc":{"start":{"line":493,"column":11},"end":{"line":493,"column":53}},"type":"binary-expr","locations":[{"start":{"line":493,"column":11},"end":{"line":493,"column":22}},{"start":{"line":493,"column":26},"end":{"line":493,"column":53}}],"line":493},"106":{"loc":{"start":{"line":496,"column":4},"end":{"line":501,"column":5}},"type":"if","locations":[{"start":{"line":496,"column":4},"end":{"line":501,"column":5}},{"start":{},"end":{}}],"line":496},"107":{"loc":{"start":{"line":498,"column":6},"end":{"line":499,"column":54}},"type":"if","locations":[{"start":{"line":498,"column":6},"end":{"line":499,"column":54}},{"start":{},"end":{}}],"line":498},"108":{"loc":{"start":{"line":508,"column":11},"end":{"line":508,"column":73}},"type":"binary-expr","locations":[{"start":{"line":508,"column":11},"end":{"line":508,"column":22}},{"start":{"line":508,"column":26},"end":{"line":508,"column":51}},{"start":{"line":508,"column":55},"end":{"line":508,"column":73}}],"line":508},"109":{"loc":{"start":{"line":509,"column":6},"end":{"line":516,"column":7}},"type":"if","locations":[{"start":{"line":509,"column":6},"end":{"line":516,"column":7}},{"start":{"line":514,"column":13},"end":{"line":516,"column":7}}],"line":509},"110":{"loc":{"start":{"line":510,"column":8},"end":{"line":511,"column":56}},"type":"if","locations":[{"start":{"line":510,"column":8},"end":{"line":511,"column":56}},{"start":{},"end":{}}],"line":510},"111":{"loc":{"start":{"line":518,"column":4},"end":{"line":519,"column":52}},"type":"if","locations":[{"start":{"line":518,"column":4},"end":{"line":519,"column":52}},{"start":{},"end":{}}],"line":518},"112":{"loc":{"start":{"line":520,"column":4},"end":{"line":523,"column":70}},"type":"if","locations":[{"start":{"line":520,"column":4},"end":{"line":523,"column":70}},{"start":{"line":523,"column":6},"end":{"line":523,"column":70}}],"line":520},"113":{"loc":{"start":{"line":529,"column":11},"end":{"line":529,"column":43}},"type":"binary-expr","locations":[{"start":{"line":529,"column":11},"end":{"line":529,"column":22}},{"start":{"line":529,"column":26},"end":{"line":529,"column":43}}],"line":529},"114":{"loc":{"start":{"line":531,"column":6},"end":{"line":536,"column":7}},"type":"if","locations":[{"start":{"line":531,"column":6},"end":{"line":536,"column":7}},{"start":{},"end":{}}],"line":531},"115":{"loc":{"start":{"line":532,"column":8},"end":{"line":535,"column":9}},"type":"if","locations":[{"start":{"line":532,"column":8},"end":{"line":535,"column":9}},{"start":{},"end":{}}],"line":532},"116":{"loc":{"start":{"line":539,"column":4},"end":{"line":540,"column":18}},"type":"if","locations":[{"start":{"line":539,"column":4},"end":{"line":540,"column":18}},{"start":{},"end":{}}],"line":539},"117":{"loc":{"start":{"line":542,"column":4},"end":{"line":547,"column":29}},"type":"if","locations":[{"start":{"line":542,"column":4},"end":{"line":547,"column":29}},{"start":{"line":547,"column":6},"end":{"line":547,"column":29}}],"line":542},"118":{"loc":{"start":{"line":554,"column":4},"end":{"line":555,"column":18}},"type":"if","locations":[{"start":{"line":554,"column":4},"end":{"line":555,"column":18}},{"start":{},"end":{}}],"line":554},"119":{"loc":{"start":{"line":557,"column":4},"end":{"line":560,"column":9}},"type":"if","locations":[{"start":{"line":557,"column":4},"end":{"line":560,"column":9}},{"start":{},"end":{}}],"line":557},"120":{"loc":{"start":{"line":566,"column":4},"end":{"line":569,"column":5}},"type":"if","locations":[{"start":{"line":566,"column":4},"end":{"line":569,"column":5}},{"start":{},"end":{}}],"line":566},"121":{"loc":{"start":{"line":579,"column":4},"end":{"line":580,"column":36}},"type":"if","locations":[{"start":{"line":579,"column":4},"end":{"line":580,"column":36}},{"start":{},"end":{}}],"line":579},"122":{"loc":{"start":{"line":588,"column":11},"end":{"line":588,"column":54}},"type":"binary-expr","locations":[{"start":{"line":588,"column":11},"end":{"line":588,"column":22}},{"start":{"line":588,"column":26},"end":{"line":588,"column":54}}],"line":588},"123":{"loc":{"start":{"line":600,"column":4},"end":{"line":601,"column":54}},"type":"if","locations":[{"start":{"line":600,"column":4},"end":{"line":601,"column":54}},{"start":{},"end":{}}],"line":600},"124":{"loc":{"start":{"line":602,"column":4},"end":{"line":605,"column":5}},"type":"if","locations":[{"start":{"line":602,"column":4},"end":{"line":605,"column":5}},{"start":{},"end":{}}],"line":602},"125":{"loc":{"start":{"line":608,"column":4},"end":{"line":611,"column":5}},"type":"if","locations":[{"start":{"line":608,"column":4},"end":{"line":611,"column":5}},{"start":{},"end":{}}],"line":608},"126":{"loc":{"start":{"line":613,"column":4},"end":{"line":623,"column":5}},"type":"if","locations":[{"start":{"line":613,"column":4},"end":{"line":623,"column":5}},{"start":{},"end":{}}],"line":613},"127":{"loc":{"start":{"line":616,"column":6},"end":{"line":620,"column":7}},"type":"if","locations":[{"start":{"line":616,"column":6},"end":{"line":620,"column":7}},{"start":{},"end":{}}],"line":616},"128":{"loc":{"start":{"line":621,"column":6},"end":{"line":622,"column":78}},"type":"if","locations":[{"start":{"line":621,"column":6},"end":{"line":622,"column":78}},{"start":{},"end":{}}],"line":621},"129":{"loc":{"start":{"line":621,"column":10},"end":{"line":621,"column":53}},"type":"binary-expr","locations":[{"start":{"line":621,"column":10},"end":{"line":621,"column":24}},{"start":{"line":621,"column":28},"end":{"line":621,"column":53}}],"line":621},"130":{"loc":{"start":{"line":629,"column":4},"end":{"line":630,"column":58}},"type":"if","locations":[{"start":{"line":629,"column":4},"end":{"line":630,"column":58}},{"start":{},"end":{}}],"line":629},"131":{"loc":{"start":{"line":629,"column":8},"end":{"line":629,"column":53}},"type":"binary-expr","locations":[{"start":{"line":629,"column":8},"end":{"line":629,"column":32}},{"start":{"line":629,"column":36},"end":{"line":629,"column":53}}],"line":629},"132":{"loc":{"start":{"line":657,"column":4},"end":{"line":660,"column":23}},"type":"if","locations":[{"start":{"line":657,"column":4},"end":{"line":660,"column":23}},{"start":{"line":660,"column":6},"end":{"line":660,"column":23}}],"line":657},"133":{"loc":{"start":{"line":738,"column":20},"end":{"line":738,"column":53}},"type":"cond-expr","locations":[{"start":{"line":738,"column":31},"end":{"line":738,"column":39}},{"start":{"line":738,"column":42},"end":{"line":738,"column":53}}],"line":738},"134":{"loc":{"start":{"line":740,"column":4},"end":{"line":741,"column":49}},"type":"if","locations":[{"start":{"line":740,"column":4},"end":{"line":741,"column":49}},{"start":{},"end":{}}],"line":740},"135":{"loc":{"start":{"line":755,"column":73},"end":{"line":755,"column":118}},"type":"cond-expr","locations":[{"start":{"line":755,"column":87},"end":{"line":755,"column":113}},{"start":{"line":755,"column":116},"end":{"line":755,"column":118}}],"line":755},"136":{"loc":{"start":{"line":871,"column":4},"end":{"line":872,"column":33}},"type":"if","locations":[{"start":{"line":871,"column":4},"end":{"line":872,"column":33}},{"start":{},"end":{}}],"line":871}},"s":{"0":1,"1":1,"2":2,"3":0,"4":2,"5":2,"6":2,"7":4,"8":0,"9":0,"10":4,"11":2,"12":0,"13":0,"14":0,"15":0,"16":0,"17":0,"18":0,"19":0,"20":0,"21":0,"22":0,"23":0,"24":0,"25":0,"26":0,"27":0,"28":0,"29":0,"30":0,"31":0,"32":11,"33":59,"34":5,"35":0,"36":5,"37":5,"38":5,"39":0,"40":5,"41":0,"42":0,"43":0,"44":0,"45":5,"46":0,"47":0,"48":0,"49":5,"50":0,"51":0,"52":5,"53":5,"54":0,"55":7,"56":6,"57":0,"58":0,"59":0,"60":0,"61":0,"62":24,"63":1,"64":23,"65":5,"66":5,"67":5,"68":0,"69":5,"70":0,"71":3,"72":0,"73":0,"74":0,"75":0,"76":0,"77":0,"78":0,"79":0,"80":0,"81":2,"82":2,"83":2,"84":2,"85":2,"86":2,"87":0,"88":2,"89":2,"90":2,"91":1,"92":1,"93":1,"94":1,"95":0,"96":2,"97":2,"98":2,"99":0,"100":0,"101":0,"102":0,"103":0,"104":0,"105":0,"106":0,"107":0,"108":0,"109":0,"110":0,"111":0,"112":0,"113":0,"114":0,"115":0,"116":0,"117":1,"118":1,"119":0,"120":0,"121":1,"122":0,"123":1,"124":0,"125":1,"126":0,"127":1,"128":0,"129":1,"130":0,"131":1,"132":0,"133":1,"134":0,"135":1,"136":0,"137":1,"138":0,"139":1,"140":1,"141":0,"142":0,"143":0,"144":0,"145":0,"146":0,"147":0,"148":0,"149":0,"150":0,"151":0,"152":0,"153":0,"154":0,"155":0,"156":0,"157":0,"158":0,"159":0,"160":0,"161":0,"162":0,"163":0,"164":0,"165":0,"166":0,"167":0,"168":0,"169":0,"170":0,"171":0,"172":0,"173":0,"174":0,"175":0,"176":0,"177":0,"178":0,"179":0,"180":0,"181":0,"182":0,"183":0,"184":0,"185":0,"186":0,"187":0,"188":0,"189":0,"190":0,"191":0,"192":0,"193":0,"194":0,"195":0,"196":0,"197":0,"198":0,"199":0,"200":0,"201":0,"202":0,"203":0,"204":0,"205":0,"206":0,"207":0,"208":0,"209":0,"210":0,"211":0,"212":0,"213":0,"214":0,"215":0,"216":0,"217":0,"218":0,"219":0,"220":0,"221":0,"222":0,"223":0,"224":0,"225":0,"226":0,"227":0,"228":0,"229":0,"230":0,"231":0,"232":0,"233":0,"234":0,"235":0,"236":0,"237":0,"238":0,"239":0,"240":0,"241":0,"242":0,"243":0,"244":0,"245":0,"246":0,"247":0,"248":0,"249":0,"250":0,"251":0,"252":0,"253":0,"254":0,"255":0,"256":0,"257":0,"258":0,"259":0,"260":0,"261":0,"262":0,"263":0,"264":0,"265":0,"266":0,"267":0,"268":0,"269":0,"270":0,"271":0,"272":0,"273":1,"274":1,"275":1,"276":0,"277":1,"278":0,"279":1,"280":0,"281":1,"282":0,"283":1,"284":0,"285":1,"286":0,"287":1,"288":0,"289":1,"290":0,"291":1,"292":0,"293":1,"294":0,"295":0,"296":0,"297":0,"298":0,"299":1,"300":0,"301":1,"302":1,"303":5,"304":1,"305":1,"306":0,"307":1,"308":0,"309":0,"310":0,"311":0,"312":0,"313":0,"314":0,"315":0,"316":0,"317":0,"318":0,"319":0,"320":0,"321":0,"322":0,"323":0,"324":0,"325":0,"326":0,"327":0,"328":0,"329":0,"330":0,"331":0,"332":0,"333":0,"334":0,"335":0,"336":0,"337":0,"338":0,"339":0,"340":0,"341":0,"342":0,"343":0,"344":0,"345":0,"346":0,"347":0,"348":0,"349":0,"350":0,"351":0,"352":0,"353":0,"354":0,"355":0,"356":0,"357":0,"358":0,"359":0,"360":0,"361":0,"362":0,"363":0,"364":0,"365":0,"366":0,"367":0,"368":0,"369":0,"370":0,"371":0,"372":0,"373":0,"374":0,"375":0,"376":0,"377":0,"378":0,"379":0,"380":0,"381":0,"382":0,"383":0,"384":0,"385":0,"386":0,"387":0,"388":0,"389":0,"390":0,"391":0,"392":0,"393":0,"394":0,"395":0,"396":0,"397":0,"398":0,"399":0,"400":0,"401":0,"402":0,"403":0,"404":0,"405":0,"406":0,"407":0,"408":0,"409":0,"410":0,"411":0,"412":0,"413":0,"414":0,"415":0,"416":0,"417":0,"418":0,"419":0,"420":0,"421":0,"422":0,"423":0,"424":0,"425":0,"426":0,"427":0,"428":0,"429":0,"430":0,"431":0,"432":0,"433":0,"434":0,"435":0,"436":0,"437":0,"438":0,"439":0,"440":0,"441":0,"442":0,"443":0,"444":0,"445":0,"446":0,"447":0,"448":0,"449":0,"450":0,"451":0,"452":0,"453":0,"454":5,"455":0,"456":5,"457":2,"458":2,"459":2,"460":0,"461":0,"462":0,"463":0,"464":0,"465":0,"466":0,"467":0,"468":0,"469":2,"470":1,"471":1,"472":1,"473":1,"474":0,"475":0,"476":0,"477":0,"478":0,"479":0,"480":0,"481":0,"482":0,"483":0,"484":0,"485":0,"486":0,"487":0,"488":0,"489":0,"490":0,"491":0,"492":0,"493":0,"494":0,"495":0,"496":0,"497":0,"498":0,"499":0,"500":0,"501":0,"502":0,"503":0,"504":0,"505":0,"506":0,"507":0,"508":0,"509":0,"510":0,"511":0,"512":0,"513":0,"514":0,"515":0,"516":0,"517":0,"518":0,"519":0,"520":0,"521":0,"522":0,"523":0,"524":0,"525":0,"526":0,"527":0,"528":0,"529":0,"530":0,"531":0,"532":0,"533":0,"534":0,"535":0,"536":0,"537":0,"538":0,"539":0,"540":0,"541":0,"542":0,"543":0,"544":0,"545":0,"546":0,"547":1,"548":1,"549":1,"550":1,"551":0,"552":0,"553":0,"554":0,"555":1,"556":1,"557":1,"558":1,"559":0,"560":0,"561":0,"562":0,"563":0,"564":0,"565":0,"566":0,"567":0,"568":0,"569":0,"570":0,"571":0,"572":0,"573":0,"574":0,"575":0,"576":1,"577":1},"f":{"0":2,"1":4,"2":2,"3":0,"4":0,"5":0,"6":11,"7":59,"8":5,"9":0,"10":7,"11":6,"12":0,"13":0,"14":24,"15":5,"16":5,"17":0,"18":3,"19":0,"20":0,"21":2,"22":2,"23":1,"24":1,"25":0,"26":0,"27":0,"28":0,"29":0,"30":0,"31":0,"32":0,"33":1,"34":0,"35":0,"36":0,"37":0,"38":0,"39":0,"40":0,"41":0,"42":0,"43":0,"44":0,"45":0,"46":0,"47":0,"48":5,"49":2,"50":0,"51":0,"52":0,"53":0,"54":0,"55":0,"56":2,"57":1,"58":1,"59":1,"60":0,"61":0,"62":0,"63":0,"64":0,"65":0,"66":0,"67":0,"68":0,"69":0,"70":0,"71":0,"72":0,"73":0,"74":0,"75":0,"76":0,"77":0,"78":0,"79":0,"80":0,"81":0,"82":0,"83":0,"84":0,"85":0,"86":0,"87":0,"88":0,"89":0,"90":0,"91":0,"92":0,"93":0,"94":0,"95":0,"96":0,"97":0,"98":1,"99":1,"100":1,"101":0,"102":0,"103":1,"104":1,"105":0,"106":0,"107":0,"108":0,"109":0,"110":0},"b":{"0":[0,2],"1":[0,4],"2":[4,0],"3":[0],"4":[0,0],"5":[0,0],"6":[0,0],"7":[0,0],"8":[0,0],"9":[0,0],"10":[0,0],"11":[7,4],"12":[5],"13":[0,5],"14":[5,0],"15":[0,5],"16":[0,5],"17":[0,0],"18":[0,5],"19":[0,0],"20":[0,5],"21":[5,0,0],"22":[2,4],"23":[0,0],"24":[0,0],"25":[1,23],"26":[5,5,5,5,5,5,5,0,5,5,5,5,0,5,5],"27":[0,5],"28":[3,2],"29":[0,0],"30":[0,0,0],"31":[1,0],"32":[1,1,1],"33":[0,0],"34":[0,0],"35":[0,0],"36":[0,0,0],"37":[0,1],"38":[0,1],"39":[0,1],"40":[0,1],"41":[0,1],"42":[0,1],"43":[0,1],"44":[0,1],"45":[0,1],"46":[0,1],"47":[0,0],"48":[0,0],"49":[0,0],"50":[0,0],"51":[0,0],"52":[0,0],"53":[0,0],"54":[0,0],"55":[0,0],"56":[0,0],"57":[0,0],"58":[0,0],"59":[0,0],"60":[0,0],"61":[0,0],"62":[0,0,0],"63":[0,0],"64":[0,0],"65":[0,0],"66":[0,0],"67":[0,0],"68":[0,0,0],"69":[0,0],"70":[0,0],"71":[0,0],"72":[0,0],"73":[0,0],"74":[0,0],"75":[2,1],"76":[0,1],"77":[1,1],"78":[0,1],"79":[0,1],"80":[0,1],"81":[0,1],"82":[0,1],"83":[0,1],"84":[0,1],"85":[0,1],"86":[1,0],"87":[0,1],"88":[0,0],"89":[0,1],"90":[1,0],"91":[6,5,0,5,5],"92":[0,1],"93":[0,0],"94":[0,0],"95":[0,0],"96":[0,0],"97":[0,0],"98":[0,0],"99":[0,0],"100":[0,0],"101":[0,0],"102":[0,0],"103":[0,0,0],"104":[0,0],"105":[0,0],"106":[0,0],"107":[0,0],"108":[0,0,0],"109":[0,0],"110":[0,0],"111":[0,0],"112":[0,0],"113":[0,0],"114":[0,0],"115":[0,0],"116":[0,0],"117":[0,0],"118":[0,0],"119":[0,0],"120":[0,0],"121":[0,0],"122":[0,0],"123":[0,0],"124":[0,0],"125":[0,0],"126":[0,0],"127":[0,0],"128":[0,0],"129":[0,0],"130":[0,5],"131":[5,5],"132":[0,0],"133":[0,0],"134":[0,0],"135":[0,0],"136":[0,0]},"inputSourceMap":null,"_coverageSchema":"1a1c01bbd47fc00a2c39e90264f33305004495a9","hash":"64c4c87eb7c5579b0ec1e6488c9e8a5ab913dbe9"}
}
