TN:
SF:src/models/Parser.js
FN:7,(anonymous_0)
FN:14,(anonymous_1)
FN:22,(anonymous_2)
FN:25,(anonymous_3)
FN:28,(anonymous_4)
FN:31,(anonymous_5)
FN:55,(anonymous_6)
FN:58,(anonymous_7)
FN:61,(anonymous_8)
FN:90,(anonymous_9)
FN:93,(anonymous_10)
FN:96,(anonymous_11)
FN:99,(anonymous_12)
FN:102,(anonymous_13)
FN:109,(anonymous_14)
FN:114,(anonymous_15)
FN:118,(anonymous_16)
FN:123,(anonymous_17)
FN:126,(anonymous_18)
FN:130,(anonymous_19)
FN:136,(anonymous_20)
FN:142,(anonymous_21)
FN:170,(anonymous_22)
FN:195,(anonymous_23)
FN:221,(anonymous_24)
FN:224,(anonymous_25)
FN:237,(anonymous_26)
FN:241,(anonymous_27)
FN:276,(anonymous_28)
FN:318,(anonymous_29)
FN:341,(anonymous_30)
FN:361,(anonymous_31)
FN:380,(anonymous_32)
FN:397,(anonymous_33)
FN:437,(anonymous_34)
FN:483,(anonymous_35)
FN:490,(anonymous_36)
FN:497,(anonymous_37)
FN:504,(anonymous_38)
FN:526,(anonymous_39)
FN:550,(anonymous_40)
FN:556,(anonymous_41)
FN:558,(anonymous_42)
FN:563,(anonymous_43)
FN:574,(anonymous_44)
FN:583,(anonymous_45)
FN:593,(anonymous_46)
FN:597,(anonymous_47)
FN:628,(anonymous_48)
FN:635,(anonymous_49)
FN:640,(anonymous_50)
FN:643,(anonymous_51)
FN:646,(anonymous_52)
FN:649,(anonymous_53)
FN:652,(anonymous_54)
FN:655,(anonymous_55)
FN:662,(anonymous_56)
FN:663,(anonymous_57)
FN:667,(anonymous_58)
FN:671,(anonymous_59)
FN:676,(anonymous_60)
FN:684,(anonymous_61)
FN:687,(anonymous_62)
FN:697,(anonymous_63)
FN:702,(anonymous_64)
FN:707,(anonymous_65)
FN:710,(anonymous_66)
FN:715,(anonymous_67)
FN:719,(anonymous_68)
FN:720,(anonymous_69)
FN:724,(anonymous_70)
FN:728,(anonymous_71)
FN:729,(anonymous_72)
FN:733,(anonymous_73)
FN:743,(anonymous_74)
FN:748,(anonymous_75)
FN:754,(anonymous_76)
FN:755,(anonymous_77)
FN:759,(anonymous_78)
FN:764,(anonymous_79)
FN:765,(anonymous_80)
FN:769,(anonymous_81)
FN:775,(anonymous_82)
FN:776,(anonymous_83)
FN:776,(anonymous_84)
FN:780,(anonymous_85)
FN:786,(anonymous_86)
FN:787,(anonymous_87)
FN:791,(anonymous_88)
FN:796,(anonymous_89)
FN:801,(anonymous_90)
FN:806,(anonymous_91)
FN:811,(anonymous_92)
FN:815,(anonymous_93)
FN:820,(anonymous_94)
FN:825,(anonymous_95)
FN:830,(anonymous_96)
FN:834,(anonymous_97)
FN:839,(anonymous_98)
FN:843,(anonymous_99)
FN:844,(anonymous_100)
FN:848,(anonymous_101)
FN:853,(anonymous_102)
FN:858,(anonymous_103)
FN:863,(anonymous_104)
FN:868,(anonymous_105)
FN:874,(anonymous_106)
FN:879,(anonymous_107)
FN:883,(anonymous_108)
FN:886,(anonymous_109)
FN:891,(anonymous_110)
FNF:111
FNH:28
FNDA:2,(anonymous_0)
FNDA:4,(anonymous_1)
FNDA:2,(anonymous_2)
FNDA:0,(anonymous_3)
FNDA:0,(anonymous_4)
FNDA:0,(anonymous_5)
FNDA:11,(anonymous_6)
FNDA:59,(anonymous_7)
FNDA:5,(anonymous_8)
FNDA:0,(anonymous_9)
FNDA:7,(anonymous_10)
FNDA:6,(anonymous_11)
FNDA:0,(anonymous_12)
FNDA:0,(anonymous_13)
FNDA:24,(anonymous_14)
FNDA:5,(anonymous_15)
FNDA:5,(anonymous_16)
FNDA:0,(anonymous_17)
FNDA:3,(anonymous_18)
FNDA:0,(anonymous_19)
FNDA:0,(anonymous_20)
FNDA:2,(anonymous_21)
FNDA:2,(anonymous_22)
FNDA:1,(anonymous_23)
FNDA:1,(anonymous_24)
FNDA:0,(anonymous_25)
FNDA:0,(anonymous_26)
FNDA:0,(anonymous_27)
FNDA:0,(anonymous_28)
FNDA:0,(anonymous_29)
FNDA:0,(anonymous_30)
FNDA:0,(anonymous_31)
FNDA:0,(anonymous_32)
FNDA:1,(anonymous_33)
FNDA:0,(anonymous_34)
FNDA:0,(anonymous_35)
FNDA:0,(anonymous_36)
FNDA:0,(anonymous_37)
FNDA:0,(anonymous_38)
FNDA:0,(anonymous_39)
FNDA:0,(anonymous_40)
FNDA:0,(anonymous_41)
FNDA:0,(anonymous_42)
FNDA:0,(anonymous_43)
FNDA:0,(anonymous_44)
FNDA:0,(anonymous_45)
FNDA:0,(anonymous_46)
FNDA:0,(anonymous_47)
FNDA:5,(anonymous_48)
FNDA:2,(anonymous_49)
FNDA:0,(anonymous_50)
FNDA:0,(anonymous_51)
FNDA:0,(anonymous_52)
FNDA:0,(anonymous_53)
FNDA:0,(anonymous_54)
FNDA:0,(anonymous_55)
FNDA:2,(anonymous_56)
FNDA:1,(anonymous_57)
FNDA:1,(anonymous_58)
FNDA:1,(anonymous_59)
FNDA:0,(anonymous_60)
FNDA:0,(anonymous_61)
FNDA:0,(anonymous_62)
FNDA:0,(anonymous_63)
FNDA:0,(anonymous_64)
FNDA:0,(anonymous_65)
FNDA:0,(anonymous_66)
FNDA:0,(anonymous_67)
FNDA:0,(anonymous_68)
FNDA:0,(anonymous_69)
FNDA:0,(anonymous_70)
FNDA:0,(anonymous_71)
FNDA:0,(anonymous_72)
FNDA:0,(anonymous_73)
FNDA:0,(anonymous_74)
FNDA:0,(anonymous_75)
FNDA:0,(anonymous_76)
FNDA:0,(anonymous_77)
FNDA:0,(anonymous_78)
FNDA:0,(anonymous_79)
FNDA:0,(anonymous_80)
FNDA:0,(anonymous_81)
FNDA:0,(anonymous_82)
FNDA:0,(anonymous_83)
FNDA:0,(anonymous_84)
FNDA:0,(anonymous_85)
FNDA:0,(anonymous_86)
FNDA:0,(anonymous_87)
FNDA:0,(anonymous_88)
FNDA:0,(anonymous_89)
FNDA:0,(anonymous_90)
FNDA:0,(anonymous_91)
FNDA:0,(anonymous_92)
FNDA:0,(anonymous_93)
FNDA:0,(anonymous_94)
FNDA:0,(anonymous_95)
FNDA:0,(anonymous_96)
FNDA:0,(anonymous_97)
FNDA:1,(anonymous_98)
FNDA:1,(anonymous_99)
FNDA:1,(anonymous_100)
FNDA:0,(anonymous_101)
FNDA:0,(anonymous_102)
FNDA:1,(anonymous_103)
FNDA:1,(anonymous_104)
FNDA:0,(anonymous_105)
FNDA:0,(anonymous_106)
FNDA:0,(anonymous_107)
FNDA:0,(anonymous_108)
FNDA:0,(anonymous_109)
FNDA:0,(anonymous_110)
DA:2,1
DA:5,1
DA:8,2
DA:9,0
DA:10,2
DA:11,2
DA:12,2
DA:15,4
DA:16,0
DA:17,0
DA:20,4
DA:23,2
DA:26,0
DA:29,0
DA:32,0
DA:33,0
DA:34,0
DA:35,0
DA:36,0
DA:37,0
DA:38,0
DA:39,0
DA:40,0
DA:41,0
DA:42,0
DA:43,0
DA:44,0
DA:45,0
DA:47,0
DA:49,0
DA:51,0
DA:53,0
DA:56,11
DA:59,59
DA:62,5
DA:63,0
DA:64,5
DA:65,5
DA:66,5
DA:67,0
DA:68,5
DA:69,0
DA:70,0
DA:72,0
DA:74,0
DA:75,5
DA:76,0
DA:77,0
DA:79,0
DA:82,5
DA:83,0
DA:84,0
DA:87,5
DA:88,5
DA:91,0
DA:94,7
DA:97,6
DA:100,0
DA:103,0
DA:104,0
DA:105,0
DA:107,0
DA:110,24
DA:111,1
DA:112,23
DA:115,5
DA:116,5
DA:119,5
DA:120,0
DA:121,5
DA:124,0
DA:127,3
DA:128,0
DA:131,0
DA:132,0
DA:133,0
DA:134,0
DA:137,0
DA:138,0
DA:139,0
DA:140,0
DA:143,2
DA:144,2
DA:153,2
DA:154,2
DA:155,2
DA:156,2
DA:157,0
DA:159,2
DA:160,2
DA:161,2
DA:162,1
DA:163,1
DA:164,1
DA:165,1
DA:166,0
DA:168,2
DA:171,2
DA:172,2
DA:173,0
DA:174,0
DA:175,0
DA:176,0
DA:177,0
DA:178,0
DA:180,0
DA:181,0
DA:182,0
DA:183,0
DA:184,0
DA:186,0
DA:187,0
DA:188,0
DA:189,0
DA:190,0
DA:191,0
DA:192,0
DA:196,1
DA:197,1
DA:198,0
DA:199,0
DA:200,1
DA:201,0
DA:202,1
DA:203,0
DA:204,1
DA:205,0
DA:206,1
DA:207,0
DA:208,1
DA:209,0
DA:210,1
DA:211,0
DA:212,1
DA:213,0
DA:214,1
DA:215,0
DA:216,1
DA:217,0
DA:219,1
DA:222,1
DA:225,0
DA:226,0
DA:227,0
DA:228,0
DA:230,0
DA:231,0
DA:232,0
DA:233,0
DA:234,0
DA:235,0
DA:238,0
DA:239,0
DA:242,0
DA:243,0
DA:244,0
DA:245,0
DA:246,0
DA:247,0
DA:248,0
DA:249,0
DA:250,0
DA:252,0
DA:253,0
DA:254,0
DA:256,0
DA:257,0
DA:258,0
DA:259,0
DA:261,0
DA:262,0
DA:264,0
DA:265,0
DA:268,0
DA:269,0
DA:270,0
DA:271,0
DA:274,0
DA:277,0
DA:278,0
DA:279,0
DA:280,0
DA:281,0
DA:282,0
DA:283,0
DA:284,0
DA:285,0
DA:286,0
DA:287,0
DA:288,0
DA:290,0
DA:291,0
DA:292,0
DA:294,0
DA:295,0
DA:296,0
DA:297,0
DA:299,0
DA:300,0
DA:301,0
DA:303,0
DA:304,0
DA:306,0
DA:307,0
DA:310,0
DA:311,0
DA:312,0
DA:313,0
DA:316,0
DA:319,0
DA:320,0
DA:321,0
DA:322,0
DA:323,0
DA:324,0
DA:325,0
DA:326,0
DA:327,0
DA:328,0
DA:331,0
DA:333,0
DA:334,0
DA:335,0
DA:336,0
DA:337,0
DA:338,0
DA:339,0
DA:342,0
DA:343,0
DA:344,0
DA:345,0
DA:346,0
DA:347,0
DA:348,0
DA:349,0
DA:350,0
DA:351,0
DA:353,0
DA:354,0
DA:355,0
DA:356,0
DA:357,0
DA:358,0
DA:359,0
DA:362,0
DA:363,0
DA:364,0
DA:365,0
DA:366,0
DA:367,0
DA:368,0
DA:369,0
DA:370,0
DA:371,0
DA:373,0
DA:374,0
DA:375,0
DA:376,0
DA:377,0
DA:378,0
DA:381,0
DA:382,0
DA:383,0
DA:384,0
DA:385,0
DA:386,0
DA:388,0
DA:389,0
DA:391,0
DA:392,0
DA:393,0
DA:394,0
DA:395,0
DA:398,1
DA:399,1
DA:400,1
DA:401,0
DA:402,1
DA:403,0
DA:404,1
DA:405,0
DA:406,1
DA:407,0
DA:408,1
DA:409,0
DA:410,1
DA:411,0
DA:412,1
DA:413,0
DA:414,1
DA:415,0
DA:416,1
DA:417,0
DA:418,1
DA:419,0
DA:420,0
DA:421,0
DA:422,0
DA:423,0
DA:424,1
DA:425,0
DA:427,1
DA:428,1
DA:429,5
DA:430,1
DA:432,1
DA:433,0
DA:435,1
DA:438,0
DA:439,0
DA:440,0
DA:441,0
DA:442,0
DA:444,0
DA:445,0
DA:446,0
DA:448,0
DA:449,0
DA:450,0
DA:451,0
DA:452,0
DA:454,0
DA:455,0
DA:456,0
DA:458,0
DA:459,0
DA:460,0
DA:461,0
DA:462,0
DA:464,0
DA:465,0
DA:466,0
DA:467,0
DA:468,0
DA:470,0
DA:471,0
DA:472,0
DA:474,0
DA:475,0
DA:476,0
DA:477,0
DA:478,0
DA:479,0
DA:480,0
DA:481,0
DA:484,0
DA:485,0
DA:486,0
DA:487,0
DA:488,0
DA:491,0
DA:492,0
DA:493,0
DA:494,0
DA:495,0
DA:496,0
DA:497,0
DA:498,0
DA:499,0
DA:500,0
DA:502,0
DA:505,0
DA:506,0
DA:507,0
DA:508,0
DA:509,0
DA:510,0
DA:511,0
DA:512,0
DA:513,0
DA:515,0
DA:518,0
DA:519,0
DA:520,0
DA:521,0
DA:523,0
DA:524,0
DA:527,0
DA:528,0
DA:529,0
DA:530,0
DA:531,0
DA:532,0
DA:533,0
DA:534,0
DA:537,0
DA:539,0
DA:540,0
DA:541,0
DA:542,0
DA:543,0
DA:544,0
DA:547,0
DA:548,0
DA:551,0
DA:552,0
DA:553,0
DA:554,0
DA:555,0
DA:556,0
DA:557,0
DA:558,0
DA:559,0
DA:561,0
DA:564,0
DA:565,0
DA:566,0
DA:567,0
DA:568,0
DA:570,0
DA:571,0
DA:572,0
DA:575,0
DA:576,0
DA:577,0
DA:578,0
DA:579,0
DA:580,0
DA:581,0
DA:584,0
DA:585,0
DA:586,0
DA:587,0
DA:588,0
DA:589,0
DA:590,0
DA:591,0
DA:594,0
DA:595,0
DA:598,0
DA:599,0
DA:600,0
DA:601,0
DA:602,0
DA:603,0
DA:604,0
DA:606,0
DA:607,0
DA:608,0
DA:609,0
DA:610,0
DA:612,0
DA:613,0
DA:614,0
DA:615,0
DA:616,0
DA:617,0
DA:618,0
DA:619,0
DA:621,0
DA:622,0
DA:624,0
DA:629,5
DA:630,0
DA:631,5
DA:636,2
DA:637,2
DA:638,2
DA:641,0
DA:644,0
DA:647,0
DA:650,0
DA:653,0
DA:656,0
DA:657,0
DA:658,0
DA:660,0
DA:663,2
DA:668,1
DA:669,1
DA:672,1
DA:677,0
DA:678,0
DA:679,0
DA:680,0
DA:681,0
DA:682,0
DA:685,0
DA:688,0
DA:698,0
DA:699,0
DA:700,0
DA:703,0
DA:708,0
DA:711,0
DA:716,0
DA:717,0
DA:720,0
DA:725,0
DA:726,0
DA:729,0
DA:734,0
DA:735,0
DA:736,0
DA:737,0
DA:738,0
DA:739,0
DA:740,0
DA:741,0
DA:744,0
DA:749,0
DA:750,0
DA:751,0
DA:752,0
DA:755,0
DA:760,0
DA:761,0
DA:762,0
DA:765,0
DA:770,0
DA:771,0
DA:772,0
DA:773,0
DA:776,0
DA:781,0
DA:782,0
DA:783,0
DA:784,0
DA:787,0
DA:792,0
DA:793,0
DA:794,0
DA:797,0
DA:802,0
DA:803,0
DA:804,0
DA:807,0
DA:812,0
DA:813,0
DA:816,0
DA:821,0
DA:822,0
DA:823,0
DA:826,0
DA:831,0
DA:832,0
DA:835,0
DA:840,1
DA:841,1
DA:844,1
DA:849,0
DA:850,0
DA:851,0
DA:854,0
DA:859,1
DA:860,1
DA:861,1
DA:864,1
DA:869,0
DA:870,0
DA:871,0
DA:872,0
DA:875,0
DA:880,0
DA:881,0
DA:884,0
DA:887,0
DA:892,0
DA:893,0
DA:894,0
DA:895,0
DA:896,0
DA:897,0
DA:898,0
DA:899,0
DA:902,1
DA:903,1
LF:567
LH:96
BRDA:8,0,0,0
BRDA:8,0,1,2
BRDA:15,1,0,0
BRDA:15,1,1,4
BRDA:15,2,0,4
BRDA:15,2,1,0
BRDA:31,3,0,0
BRDA:32,4,0,0
BRDA:32,4,1,0
BRDA:34,5,0,0
BRDA:34,5,1,0
BRDA:35,6,0,0
BRDA:35,6,1,0
BRDA:40,7,0,0
BRDA:40,7,1,0
BRDA:41,8,0,0
BRDA:41,8,1,0
BRDA:42,9,0,0
BRDA:42,9,1,0
BRDA:44,10,0,0
BRDA:44,10,1,0
BRDA:56,11,0,7
BRDA:56,11,1,4
BRDA:61,12,0,5
BRDA:62,13,0,0
BRDA:62,13,1,5
BRDA:65,14,0,5
BRDA:65,14,1,0
BRDA:66,15,0,0
BRDA:66,15,1,5
BRDA:68,16,0,0
BRDA:68,16,1,5
BRDA:69,17,0,0
BRDA:69,17,1,0
BRDA:75,18,0,0
BRDA:75,18,1,5
BRDA:76,19,0,0
BRDA:76,19,1,0
BRDA:82,20,0,0
BRDA:82,20,1,5
BRDA:82,21,0,5
BRDA:82,21,1,0
BRDA:82,21,2,0
BRDA:97,22,0,2
BRDA:97,22,1,4
BRDA:100,23,0,0
BRDA:100,23,1,0
BRDA:104,24,0,0
BRDA:104,24,1,0
BRDA:110,25,0,1
BRDA:110,25,1,23
BRDA:116,26,0,5
BRDA:116,26,1,5
BRDA:116,26,2,5
BRDA:116,26,3,5
BRDA:116,26,4,5
BRDA:116,26,5,5
BRDA:116,26,6,5
BRDA:116,26,7,0
BRDA:116,26,8,5
BRDA:116,26,9,5
BRDA:116,26,10,5
BRDA:116,26,11,5
BRDA:116,26,12,0
BRDA:116,26,13,5
BRDA:116,26,14,5
BRDA:119,27,0,0
BRDA:119,27,1,5
BRDA:127,28,0,3
BRDA:127,28,1,2
BRDA:132,29,0,0
BRDA:132,29,1,0
BRDA:138,30,0,0
BRDA:138,30,1,0
BRDA:138,30,2,0
BRDA:163,31,0,1
BRDA:163,31,1,0
BRDA:165,32,0,1
BRDA:165,32,1,1
BRDA:165,32,2,1
BRDA:175,33,0,0
BRDA:175,33,1,0
BRDA:177,34,0,0
BRDA:177,34,1,0
BRDA:181,35,0,0
BRDA:181,35,1,0
BRDA:191,36,0,0
BRDA:191,36,1,0
BRDA:191,36,2,0
BRDA:197,37,0,0
BRDA:197,37,1,1
BRDA:200,38,0,0
BRDA:200,38,1,1
BRDA:202,39,0,0
BRDA:202,39,1,1
BRDA:204,40,0,0
BRDA:204,40,1,1
BRDA:206,41,0,0
BRDA:206,41,1,1
BRDA:208,42,0,0
BRDA:208,42,1,1
BRDA:210,43,0,0
BRDA:210,43,1,1
BRDA:212,44,0,0
BRDA:212,44,1,1
BRDA:214,45,0,0
BRDA:214,45,1,1
BRDA:216,46,0,0
BRDA:216,46,1,1
BRDA:233,47,0,0
BRDA:233,47,1,0
BRDA:252,48,0,0
BRDA:252,48,1,0
BRDA:252,49,0,0
BRDA:252,49,1,0
BRDA:261,50,0,0
BRDA:261,50,1,0
BRDA:290,51,0,0
BRDA:290,51,1,0
BRDA:290,52,0,0
BRDA:290,52,1,0
BRDA:303,53,0,0
BRDA:303,53,1,0
BRDA:323,54,0,0
BRDA:323,54,1,0
BRDA:325,55,0,0
BRDA:325,55,1,0
BRDA:326,56,0,0
BRDA:326,56,1,0
BRDA:333,57,0,0
BRDA:333,57,1,0
BRDA:336,58,0,0
BRDA:336,58,1,0
BRDA:336,59,0,0
BRDA:336,59,1,0
BRDA:346,60,0,0
BRDA:346,60,1,0
BRDA:348,61,0,0
BRDA:348,61,1,0
BRDA:350,62,0,0
BRDA:350,62,1,0
BRDA:350,62,2,0
BRDA:355,63,0,0
BRDA:355,63,1,0
BRDA:355,64,0,0
BRDA:355,64,1,0
BRDA:358,65,0,0
BRDA:358,65,1,0
BRDA:366,66,0,0
BRDA:366,66,1,0
BRDA:368,67,0,0
BRDA:368,67,1,0
BRDA:370,68,0,0
BRDA:370,68,1,0
BRDA:370,68,2,0
BRDA:375,69,0,0
BRDA:375,69,1,0
BRDA:375,70,0,0
BRDA:375,70,1,0
BRDA:382,71,0,0
BRDA:382,71,1,0
BRDA:384,72,0,0
BRDA:384,72,1,0
BRDA:392,73,0,0
BRDA:392,73,1,0
BRDA:392,74,0,0
BRDA:392,74,1,0
BRDA:399,75,0,2
BRDA:399,75,1,1
BRDA:400,76,0,0
BRDA:400,76,1,1
BRDA:400,77,0,1
BRDA:400,77,1,1
BRDA:402,78,0,0
BRDA:402,78,1,1
BRDA:404,79,0,0
BRDA:404,79,1,1
BRDA:406,80,0,0
BRDA:406,80,1,1
BRDA:408,81,0,0
BRDA:408,81,1,1
BRDA:410,82,0,0
BRDA:410,82,1,1
BRDA:412,83,0,0
BRDA:412,83,1,1
BRDA:414,84,0,0
BRDA:414,84,1,1
BRDA:416,85,0,0
BRDA:416,85,1,1
BRDA:416,86,0,1
BRDA:416,86,1,0
BRDA:418,87,0,0
BRDA:418,87,1,1
BRDA:421,88,0,0
BRDA:421,88,1,0
BRDA:424,89,0,0
BRDA:424,89,1,1
BRDA:424,90,0,1
BRDA:424,90,1,0
BRDA:428,91,0,6
BRDA:428,91,1,5
BRDA:428,91,2,0
BRDA:428,91,3,5
BRDA:428,91,4,5
BRDA:432,92,0,0
BRDA:432,92,1,1
BRDA:440,93,0,0
BRDA:440,93,1,0
BRDA:444,94,0,0
BRDA:444,94,1,0
BRDA:450,95,0,0
BRDA:450,95,1,0
BRDA:454,96,0,0
BRDA:454,96,1,0
BRDA:460,97,0,0
BRDA:460,97,1,0
BRDA:466,98,0,0
BRDA:466,98,1,0
BRDA:470,99,0,0
BRDA:470,99,1,0
BRDA:476,100,0,0
BRDA:476,100,1,0
BRDA:476,101,0,0
BRDA:476,101,1,0
BRDA:479,102,0,0
BRDA:479,102,1,0
BRDA:485,103,0,0
BRDA:485,103,1,0
BRDA:485,103,2,0
BRDA:487,104,0,0
BRDA:487,104,1,0
BRDA:493,105,0,0
BRDA:493,105,1,0
BRDA:496,106,0,0
BRDA:496,106,1,0
BRDA:498,107,0,0
BRDA:498,107,1,0
BRDA:508,108,0,0
BRDA:508,108,1,0
BRDA:508,108,2,0
BRDA:509,109,0,0
BRDA:509,109,1,0
BRDA:510,110,0,0
BRDA:510,110,1,0
BRDA:518,111,0,0
BRDA:518,111,1,0
BRDA:520,112,0,0
BRDA:520,112,1,0
BRDA:529,113,0,0
BRDA:529,113,1,0
BRDA:531,114,0,0
BRDA:531,114,1,0
BRDA:532,115,0,0
BRDA:532,115,1,0
BRDA:539,116,0,0
BRDA:539,116,1,0
BRDA:542,117,0,0
BRDA:542,117,1,0
BRDA:554,118,0,0
BRDA:554,118,1,0
BRDA:557,119,0,0
BRDA:557,119,1,0
BRDA:566,120,0,0
BRDA:566,120,1,0
BRDA:579,121,0,0
BRDA:579,121,1,0
BRDA:588,122,0,0
BRDA:588,122,1,0
BRDA:600,123,0,0
BRDA:600,123,1,0
BRDA:602,124,0,0
BRDA:602,124,1,0
BRDA:608,125,0,0
BRDA:608,125,1,0
BRDA:613,126,0,0
BRDA:613,126,1,0
BRDA:616,127,0,0
BRDA:616,127,1,0
BRDA:621,128,0,0
BRDA:621,128,1,0
BRDA:621,129,0,0
BRDA:621,129,1,0
BRDA:629,130,0,0
BRDA:629,130,1,5
BRDA:629,131,0,5
BRDA:629,131,1,5
BRDA:657,132,0,0
BRDA:657,132,1,0
BRDA:738,133,0,0
BRDA:738,133,1,0
BRDA:740,134,0,0
BRDA:740,134,1,0
BRDA:755,135,0,0
BRDA:755,135,1,0
BRDA:871,136,0,0
BRDA:871,136,1,0
BRF:296
BRH:72
end_of_record
